#-----------------------------------------------------------
# Webtalk v2016.3 (64-bit)
# SW Build 1682563 on Mon Oct 10 19:07:26 MDT 2016
# 
# Start of session at: Fri Jan 13 16:37:17 2017
# Process ID: 4774
# Current directory: /home/roozbeh/Git/FPGA/Zybo_motor_VHDL/motor_1/motor_1.sdk/webtalk
# Command line: wbtcv -mode batch -source sdk_webtalk.tcl
# Log file: /home/roozbeh/Git/FPGA/Zybo_motor_VHDL/motor_1/motor_1.sdk/webtalk/webtalk.log
# Journal file: /home/roozbeh/Git/FPGA/Zybo_motor_VHDL/motor_1/motor_1.sdk/webtalk/webtalk.jou
#-----------------------------------------------------------
source sdk_webtalk.tcl
# webtalk_init -webtalk_dir /home/roozbeh/Git/FPGA/Zybo_motor_VHDL/motor_1/motor_1.sdk/webtalk
# webtalk_register_client -client project
# webtalk_add_data -client project -key date_generated -value "2017-01-13 16:37:16" -context "software_version_and_target_device"
# webtalk_add_data -client project -key product_version -value "SDK v2016.3" -context "software_version_and_target_device"
# webtalk_add_data -client project -key build_version -value "2016.3" -context "software_version_and_target_device"
# webtalk_add_data -client project -key os_platform -value "amd64" -context "software_version_and_target_device"
# webtalk_add_data -client project -key registration_id -value "" -context "software_version_and_target_device"
# webtalk_add_data -client project -key tool_flow -value "SDK" -context "software_version_and_target_device"
# webtalk_add_data -client project -key beta -value "false" -context "software_version_and_target_device"
# webtalk_add_data -client project -key route_design -value "NA" -context "software_version_and_target_device"
# webtalk_add_data -client project -key target_family -value "NA" -context "software_version_and_target_device"
# webtalk_add_data -client project -key target_device -value "NA" -context "software_version_and_target_device"
# webtalk_add_data -client project -key target_package -value "NA" -context "software_version_and_target_device"
# webtalk_add_data -client project -key target_speed -value "NA" -context "software_version_and_target_device"
# webtalk_add_data -client project -key random_id -value "hagbu7n5n7aemrf7vafah85l1u" -context "software_version_and_target_device"
# webtalk_add_data -client project -key project_id -value "2016.3_5" -context "software_version_and_target_device"
# webtalk_add_data -client project -key project_iteration -value "5" -context "software_version_and_target_device"
# webtalk_add_data -client project -key os_name -value "Ubuntu" -context "user_environment"
# webtalk_add_data -client project -key os_release -value "Ubuntu 14.04.5 LTS" -context "user_environment"
# webtalk_add_data -client project -key cpu_name -value "Intel(R) Core(TM) i5-2520M CPU @ 2.50GHz" -context "user_environment"
# webtalk_add_data -client project -key cpu_speed -value "2949.902 MHz" -context "user_environment"
# webtalk_add_data -client project -key total_processors -value "1" -context "user_environment"
# webtalk_add_data -client project -key system_ram -value "8,000 GB" -context "user_environment"
# webtalk_register_client -client sdk
# webtalk_add_data -client sdk -key uid -value "1484316663000" -context "sdk\\\\bsp/1484316663000"
# webtalk_add_data -client sdk -key hwid -value "1483436457000" -context "sdk\\\\bsp/1484316663000"
# webtalk_add_data -client sdk -key os -value "device_tree" -context "sdk\\\\bsp/1484316663000"
# webtalk_add_data -client sdk -key apptemplate -value "null" -context "sdk\\\\bsp/1484316663000"
# webtalk_add_data -client sdk -key RecordType -value "BSPCreation" -context "sdk\\\\bsp/1484316663000"
# webtalk_add_data -client sdk -key uid -value "NA" -context "sdk\\\\bsp/1484321836812"
# webtalk_add_data -client sdk -key RecordType -value "ToolUsage" -context "sdk\\\\bsp/1484321836812"
# webtalk_add_data -client sdk -key BootgenCount -value "0" -context "sdk\\\\bsp/1484321836812"
# webtalk_add_data -client sdk -key DebugCount -value "0" -context "sdk\\\\bsp/1484321836812"
# webtalk_add_data -client sdk -key PerfCount -value "0" -context "sdk\\\\bsp/1484321836812"
# webtalk_add_data -client sdk -key FlashCount -value "0" -context "sdk\\\\bsp/1484321836812"
# webtalk_add_data -client sdk -key CrossTriggCount -value "0" -context "sdk\\\\bsp/1484321836812"
# webtalk_add_data -client sdk -key QemuDebugCount -value "0" -context "sdk\\\\bsp/1484321836812"
# webtalk_transmit -clientid 3637432782 -regid "" -xml /home/roozbeh/Git/FPGA/Zybo_motor_VHDL/motor_1/motor_1.sdk/webtalk/usage_statistics_ext_sdk.xml -html /home/roozbeh/Git/FPGA/Zybo_motor_VHDL/motor_1/motor_1.sdk/webtalk/usage_statistics_ext_sdk.html -wdm /home/roozbeh/Git/FPGA/Zybo_motor_VHDL/motor_1/motor_1.sdk/webtalk/sdk_webtalk.wdm -intro "<H3>SDK Usage Report</H3><BR>"
# webtalk_terminate
INFO: [Common 17-206] Exiting Webtalk at Fri Jan 13 16:37:17 2017...
