23:48:29 INFO  : Launching XSDB server: xsdb.bat C:/Xilinx/SDK/2015.4/scripts/xsdb/xsdb/xsdb-server.tcl
23:48:32 INFO  : XSDB server has started successfully.
23:48:35 INFO  : Processing command line option -hwspec C:/Users/zakhar/motor_1/motor_1.sdk/design_1_wrapper.hdf.
23:49:59 INFO  : Connected to target on host '127.0.0.1' and port '3121'.
23:50:27 INFO  : Connected to target on host '127.0.0.1' and port '3121'.
23:50:27 INFO  : 'targets -set -filter {jtag_cable_name =~ "Digilent Zybo 210279760346A" && level==0} -index 1' command is executed.
23:50:28 INFO  : FPGA configured successfully with bitstream "C:/Users/zakhar/motor_1/motor_1.sdk/design_1_wrapper_hw_platform_0/design_1_wrapper.bit"
23:50:52 INFO  : ps7_init is completed.
23:50:52 INFO  : ps7_post_config is completed.
23:50:52 INFO  : Processor reset is completed for ps7_cortexa9_0
23:51:15 INFO  : Processor reset is completed for ps7_cortexa9_0
00:03:02 ERROR : Unexpected error while parsing XMD response ?: com.google.gson.JsonSyntaxException: com.google.gson.stream.MalformedJsonException: invalid number or unquoted string near 
00:04:29 INFO  : Launching XSDB server: xsdb.bat C:/Xilinx/SDK/2015.4/scripts/xsdb/xsdb/xsdb-server.tcl
00:04:32 INFO  : XSDB server has started successfully.
00:04:35 INFO  : Processing command line option -hwspec C:/Users/zakhar/motor_1/motor_1.sdk/design_1_wrapper.hdf.
00:04:35 INFO  : Checking for hwspec changes in the project design_1_wrapper_hw_platform_0.
00:05:26 INFO  : Connected to target on host '127.0.0.1' and port '3121'.
00:05:31 INFO  : 'targets -set -filter {jtag_cable_name =~ "Digilent Zybo 210279760346A" && level==0} -index 1' command is executed.
00:05:32 INFO  : FPGA configured successfully with bitstream "C:/Users/zakhar/motor_1/motor_1.sdk/design_1_wrapper_hw_platform_0/design_1_wrapper.bit"
00:05:41 INFO  : Processor reset is completed for ps7_cortexa9_0
00:06:06 INFO  : Processor reset is completed for ps7_cortexa9_0
00:06:19 ERROR : Unexpected error while parsing XMD response ?: com.google.gson.JsonSyntaxException: com.google.gson.stream.MalformedJsonException: invalid number or unquoted string near 
21:27:38 INFO  : Launching XSDB server: xsdb.bat C:/Xilinx/SDK/2015.4/scripts/xsdb/xsdb/xsdb-server.tcl
21:27:40 INFO  : XSDB server has started successfully.
21:27:43 INFO  : Processing command line option -hwspec C:/Users/zakhar/motor_1/motor_1.sdk/design_1_wrapper.hdf.
21:27:43 INFO  : Checking for hwspec changes in the project design_1_wrapper_hw_platform_0.
21:27:47 INFO  : SDK has detected change in the last modified timestamps for source hardware specification file Source:1479068587904,  Project:1476654350416
21:27:47 INFO  : The hardware specification for project 'design_1_wrapper_hw_platform_0' is different from C:/Users/zakhar/motor_1/motor_1.sdk/design_1_wrapper.hdf.
21:27:47 INFO  : Copied contents of C:/Users/zakhar/motor_1/motor_1.sdk/design_1_wrapper.hdf into \design_1_wrapper_hw_platform_0\system.hdf.
21:27:54 INFO  : Synchronizing projects in the workspace with the hardware platform specification changes.
21:28:01 INFO  : 
21:28:02 INFO  : Updating hardware inferred compiler options for test.
21:28:02 INFO  : Clearing existing target manager status.
21:29:03 INFO  : Connected to target on host '127.0.0.1' and port '3121'.
21:29:06 INFO  : 'targets -set -filter {jtag_cable_name =~ "Digilent Zybo 210279760346A" && level==0} -index 1' command is executed.
21:29:08 INFO  : FPGA configured successfully with bitstream "C:/Users/zakhar/motor_1/motor_1.sdk/design_1_wrapper_hw_platform_0/design_1_wrapper.bit"
21:29:17 INFO  : ps7_init is completed.
21:29:17 INFO  : ps7_post_config is completed.
21:29:18 INFO  : Processor reset is completed for ps7_cortexa9_0
21:29:45 INFO  : Processor reset is completed for ps7_cortexa9_0
21:29:54 INFO  : ps7_cortexa9_0 Processor is in use. Please stop existing Run or Debug sessions before launching.
21:29:56 INFO  : Processor reset is completed for ps7_cortexa9_0
21:30:12 INFO  : Processor reset is completed for ps7_cortexa9_0
21:30:25 INFO  : Processor reset is completed for ps7_cortexa9_0
00:22:13 ERROR : Unexpected error while parsing XMD response ?: com.google.gson.JsonSyntaxException: com.google.gson.stream.MalformedJsonException: invalid number or unquoted string near 
15:02:51 INFO  : Launching XSDB server: xsdb.bat C:/Xilinx/SDK/2015.4/scripts/xsdb/xsdb/xsdb-server.tcl
15:02:54 INFO  : XSDB server has started successfully.
15:02:57 INFO  : Processing command line option -hwspec C:/Users/zakhar/motor_1/motor_1.sdk/design_1_wrapper.hdf.
15:02:57 INFO  : Checking for hwspec changes in the project design_1_wrapper_hw_platform_0.
15:03:02 INFO  : SDK has detected change in the last modified timestamps for source hardware specification file Source:1479391184454,  Project:1479068587904
15:03:02 INFO  : The hardware specification for project 'design_1_wrapper_hw_platform_0' is different from C:/Users/zakhar/motor_1/motor_1.sdk/design_1_wrapper.hdf.
15:03:02 INFO  : Copied contents of C:/Users/zakhar/motor_1/motor_1.sdk/design_1_wrapper.hdf into \design_1_wrapper_hw_platform_0\system.hdf.
15:03:11 INFO  : Synchronizing projects in the workspace with the hardware platform specification changes.
15:03:12 ERROR : (XSDB Server)ERROR: [Hsi 55-1433] Error boost::filesystem::directory_iterator::construct: Access is denied: "C:/Users/zakhar/AppData/Local/Temp\msdtadmin"

15:03:13 ERROR : Failed to call sync_sw_with_hw_change
Reason: ERROR: [Common 17-39] 'hsi::open_sw_design' failed due to earlier errors.

15:03:13 ERROR : Error updating BSP project MSS files.
15:03:13 INFO  : Updating hardware inferred compiler options for test.
15:03:13 INFO  : Clearing existing target manager status.
15:03:14 WARN  : Unable to obtain port 2350 for use by XMD, java.net.SocketException: Unrecognized Windows Sockets error: 0: JVM_Bind
15:03:33 INFO  : Connected to target on host '127.0.0.1' and port '3121'.
15:03:34 INFO  : 'targets -set -filter {jtag_cable_name =~ "Digilent Zybo 210279760346A" && level==0} -index 1' command is executed.
15:03:36 INFO  : FPGA configured successfully with bitstream "C:/Users/zakhar/motor_1/motor_1.sdk/design_1_wrapper_hw_platform_0/design_1_wrapper.bit"
15:03:56 ERROR : Checking FPGA configuration failed..Connection to Board Failed


    Failed to open Cable Node jsn-Zybo-210279760228A on TCP:127.0.0.1:3121


15:03:56 ERROR : Unexpected error while launching program.
com.xilinx.sdk.targetmanager.TMException: Connection to Board Failed


    Failed to open Cable Node jsn-Zybo-210279760228A on TCP:127.0.0.1:3121


	at com.xilinx.sdk.targetmanager.internal.TM.isFPGAConfigured(TM.java:374)
	at com.xilinx.sdk.debug.core.XilinxAppLaunchConfigurationDelegate.isFpgaConfigured(XilinxAppLaunchConfigurationDelegate.java:409)
	at com.xilinx.sdk.debug.core.XilinxAppLaunchConfigurationDelegate.launch(XilinxAppLaunchConfigurationDelegate.java:303)
	at com.xilinx.sdk.debug.ui.XilinxAppLaunchDelegateWrapper.launch(XilinxAppLaunchDelegateWrapper.java:31)
	at org.eclipse.debug.internal.core.LaunchConfiguration.launch(LaunchConfiguration.java:858)
	at org.eclipse.debug.internal.core.LaunchConfiguration.launch(LaunchConfiguration.java:707)
	at org.eclipse.debug.internal.ui.DebugUIPlugin.buildAndLaunch(DebugUIPlugin.java:1018)
	at org.eclipse.debug.internal.ui.DebugUIPlugin$8.run(DebugUIPlugin.java:1222)
	at org.eclipse.core.internal.jobs.Worker.run(Worker.java:53)
15:04:04 ERROR : Checking FPGA configuration failed..Connection to Board Failed


    Failed to open Cable Node jsn-Zybo-210279760228A on TCP:127.0.0.1:3121


15:04:04 ERROR : Unexpected error while launching program.
com.xilinx.sdk.targetmanager.TMException: Connection to Board Failed


    Failed to open Cable Node jsn-Zybo-210279760228A on TCP:127.0.0.1:3121


	at com.xilinx.sdk.targetmanager.internal.TM.isFPGAConfigured(TM.java:374)
	at com.xilinx.sdk.debug.core.XilinxAppLaunchConfigurationDelegate.isFpgaConfigured(XilinxAppLaunchConfigurationDelegate.java:409)
	at com.xilinx.sdk.debug.core.XilinxAppLaunchConfigurationDelegate.launch(XilinxAppLaunchConfigurationDelegate.java:303)
	at com.xilinx.sdk.debug.ui.XilinxAppLaunchDelegateWrapper.launch(XilinxAppLaunchDelegateWrapper.java:31)
	at org.eclipse.debug.internal.core.LaunchConfiguration.launch(LaunchConfiguration.java:858)
	at org.eclipse.debug.internal.core.LaunchConfiguration.launch(LaunchConfiguration.java:707)
	at org.eclipse.debug.internal.ui.DebugUIPlugin.buildAndLaunch(DebugUIPlugin.java:1018)
	at org.eclipse.debug.internal.ui.DebugUIPlugin$8.run(DebugUIPlugin.java:1222)
	at org.eclipse.core.internal.jobs.Worker.run(Worker.java:53)
15:04:17 INFO  : Connected to target on host '127.0.0.1' and port '3121'.
15:04:18 INFO  : 'targets -set -filter {jtag_cable_name =~ "Digilent Zybo 210279760346A" && level==0} -index 1' command is executed.
15:04:20 INFO  : FPGA configured successfully with bitstream "C:/Users/zakhar/motor_1/motor_1.sdk/design_1_wrapper_hw_platform_0/design_1_wrapper.bit"
15:04:22 ERROR : Checking FPGA configuration failed..Connection to Board Failed


    Failed to open Cable Node jsn-Zybo-210279760228A on TCP:127.0.0.1:3121


15:04:22 ERROR : Unexpected error while launching program.
com.xilinx.sdk.targetmanager.TMException: Connection to Board Failed


    Failed to open Cable Node jsn-Zybo-210279760228A on TCP:127.0.0.1:3121


	at com.xilinx.sdk.targetmanager.internal.TM.isFPGAConfigured(TM.java:374)
	at com.xilinx.sdk.debug.core.XilinxAppLaunchConfigurationDelegate.isFpgaConfigured(XilinxAppLaunchConfigurationDelegate.java:409)
	at com.xilinx.sdk.debug.core.XilinxAppLaunchConfigurationDelegate.launch(XilinxAppLaunchConfigurationDelegate.java:303)
	at com.xilinx.sdk.debug.ui.XilinxAppLaunchDelegateWrapper.launch(XilinxAppLaunchDelegateWrapper.java:31)
	at org.eclipse.debug.internal.core.LaunchConfiguration.launch(LaunchConfiguration.java:858)
	at org.eclipse.debug.internal.core.LaunchConfiguration.launch(LaunchConfiguration.java:707)
	at org.eclipse.debug.internal.ui.DebugUIPlugin.buildAndLaunch(DebugUIPlugin.java:1018)
	at org.eclipse.debug.internal.ui.DebugUIPlugin$8.run(DebugUIPlugin.java:1222)
	at org.eclipse.core.internal.jobs.Worker.run(Worker.java:53)
15:04:27 ERROR : (XSDB Server)ERROR: [Hsi 55-1558] Software Design system system is not found

15:04:27 ERROR :  [Common 17-39] 'hsi::current_sw_design' failed due to earlier errors.
15:04:27 ERROR : (XSDB Server)ERROR: [Hsi 55-1558] Software Design system system is not found

15:04:27 INFO  : Unable to read in MSS file C:\Users\zakhar\motor_1\motor_1.sdk\test_bsp\system.mss : null
15:04:31 ERROR : Checking FPGA configuration failed..Connection to Board Failed


    Failed to open Cable Node jsn-Zybo-210279760228A on TCP:127.0.0.1:3121


15:04:31 ERROR : Unexpected error while launching program.
com.xilinx.sdk.targetmanager.TMException: Connection to Board Failed


    Failed to open Cable Node jsn-Zybo-210279760228A on TCP:127.0.0.1:3121


	at com.xilinx.sdk.targetmanager.internal.TM.isFPGAConfigured(TM.java:374)
	at com.xilinx.sdk.debug.core.XilinxAppLaunchConfigurationDelegate.isFpgaConfigured(XilinxAppLaunchConfigurationDelegate.java:409)
	at com.xilinx.sdk.debug.core.XilinxAppLaunchConfigurationDelegate.launch(XilinxAppLaunchConfigurationDelegate.java:303)
	at com.xilinx.sdk.debug.ui.XilinxAppLaunchDelegateWrapper.launch(XilinxAppLaunchDelegateWrapper.java:31)
	at org.eclipse.debug.internal.core.LaunchConfiguration.launch(LaunchConfiguration.java:858)
	at org.eclipse.debug.internal.core.LaunchConfiguration.launch(LaunchConfiguration.java:707)
	at org.eclipse.debug.internal.ui.DebugUIPlugin.buildAndLaunch(DebugUIPlugin.java:1018)
	at org.eclipse.debug.internal.ui.DebugUIPlugin$8.run(DebugUIPlugin.java:1222)
	at org.eclipse.core.internal.jobs.Worker.run(Worker.java:53)
15:04:37 ERROR : Unexpected error while parsing XMD response ?: com.google.gson.JsonSyntaxException: com.google.gson.stream.MalformedJsonException: invalid number or unquoted string near 
15:05:10 INFO  : Launching XSDB server: xsdb.bat C:/Xilinx/SDK/2015.4/scripts/xsdb/xsdb/xsdb-server.tcl
15:05:13 INFO  : XSDB server has started successfully.
15:05:13 INFO  : Processing command line option -hwspec C:/Users/zakhar/motor_1/motor_1.sdk/design_1_wrapper.hdf.
15:05:14 INFO  : Checking for hwspec changes in the project design_1_wrapper_hw_platform_0.
15:05:31 INFO  : Connected to target on host '127.0.0.1' and port '3121'.
15:05:33 INFO  : 'targets -set -filter {jtag_cable_name =~ "Digilent Zybo 210279760346A" && level==0} -index 1' command is executed.
15:05:34 INFO  : FPGA configured successfully with bitstream "C:/Users/zakhar/motor_1/motor_1.sdk/design_1_wrapper_hw_platform_0/design_1_wrapper.bit"
15:05:47 INFO  : ps7_init is completed.
15:05:47 INFO  : ps7_post_config is completed.
15:05:47 INFO  : Processor reset is completed for ps7_cortexa9_0
15:06:30 INFO  : ps7_cortexa9_0 Processor is in use. Please stop existing Run or Debug sessions before launching.
15:06:32 INFO  : Processor reset is completed for ps7_cortexa9_0
15:06:41 INFO  : Processor reset is completed for ps7_cortexa9_0
15:06:47 INFO  : Connected to target on host '127.0.0.1' and port '3121'.
15:06:47 INFO  : 'targets -set -filter {jtag_cable_name =~ "Digilent Zybo 210279760346A" && level==0} -index 1' command is executed.
15:06:48 INFO  : FPGA configured successfully with bitstream "C:/Users/zakhar/motor_1/motor_1.sdk/design_1_wrapper_hw_platform_0/design_1_wrapper.bit"
15:06:52 INFO  : ps7_cortexa9_0 Processor is in use. Please stop existing Run or Debug sessions before launching.
15:07:01 ERROR : Unexpected error while launching program.
java.lang.RuntimeException: Error in Resetting Target

    Could not stop the processor after reset


	at com.xilinx.sdk.targetmanager.internal.TM.doProcessorReset(TM.java:1011)
	at com.xilinx.sdk.debug.core.XilinxAppLaunchConfigurationDelegate.runTargetSetup(XilinxAppLaunchConfigurationDelegate.java:534)
	at com.xilinx.sdk.debug.core.XilinxAppLaunchConfigurationDelegate.runApplication(XilinxAppLaunchConfigurationDelegate.java:616)
	at com.xilinx.sdk.debug.core.XilinxAppLaunchConfigurationDelegate.launch(XilinxAppLaunchConfigurationDelegate.java:309)
	at com.xilinx.sdk.debug.ui.XilinxAppLaunchDelegateWrapper.launch(XilinxAppLaunchDelegateWrapper.java:31)
	at org.eclipse.debug.internal.core.LaunchConfiguration.launch(LaunchConfiguration.java:858)
	at org.eclipse.debug.internal.core.LaunchConfiguration.launch(LaunchConfiguration.java:707)
	at org.eclipse.debug.internal.ui.DebugUIPlugin.buildAndLaunch(DebugUIPlugin.java:1018)
	at org.eclipse.debug.internal.ui.DebugUIPlugin$8.run(DebugUIPlugin.java:1222)
	at org.eclipse.core.internal.jobs.Worker.run(Worker.java:53)
15:07:10 INFO  : Connected to target on host '127.0.0.1' and port '3121'.
15:07:10 INFO  : 'targets -set -filter {jtag_cable_name =~ "Digilent Zybo 210279760346A" && level==0} -index 1' command is executed.
15:07:11 INFO  : FPGA configured successfully with bitstream "C:/Users/zakhar/motor_1/motor_1.sdk/design_1_wrapper_hw_platform_0/design_1_wrapper.bit"
15:07:15 INFO  : ps7_init is completed.
15:07:15 INFO  : ps7_post_config is completed.
15:07:15 INFO  : Processor reset is completed for ps7_cortexa9_0
15:07:40 INFO  : Connected to target on host '127.0.0.1' and port '3121'.
15:07:49 INFO  : Connected to target on host '127.0.0.1' and port '3121'.
15:07:50 INFO  : 'targets -set -filter {jtag_cable_name =~ "Digilent Zybo 210279760346A" && level==0} -index 1' command is executed.
15:07:51 INFO  : FPGA configured successfully with bitstream "C:/Users/zakhar/motor_1/motor_1.sdk/design_1_wrapper_hw_platform_0/design_1_wrapper.bit"
15:07:55 INFO  : ps7_init is completed.
15:07:55 INFO  : ps7_post_config is completed.
15:07:55 INFO  : Processor reset is completed for ps7_cortexa9_0
15:09:17 INFO  : Connected to target on host '127.0.0.1' and port '3121'.
15:09:18 INFO  : 'targets -set -filter {jtag_cable_name =~ "Digilent Zybo 210279760346A" && level==0} -index 1' command is executed.
15:09:20 INFO  : FPGA configured successfully with bitstream "C:/Users/zakhar/motor_1/motor_1.sdk/design_1_wrapper_hw_platform_0/design_1_wrapper.bit"
15:09:23 INFO  : ps7_init is completed.
15:09:23 INFO  : ps7_post_config is completed.
15:09:23 INFO  : Processor reset is completed for ps7_cortexa9_0
15:09:53 INFO  : Connected to target on host '127.0.0.1' and port '3121'.
15:09:54 INFO  : 'targets -set -filter {jtag_cable_name =~ "Digilent Zybo 210279760346A" && level==0} -index 1' command is executed.
15:09:55 INFO  : FPGA configured successfully with bitstream "C:/Users/zakhar/motor_1/motor_1.sdk/design_1_wrapper_hw_platform_0/design_1_wrapper.bit"
15:10:03 INFO  : ps7_init is completed.
15:10:03 INFO  : ps7_post_config is completed.
15:10:03 INFO  : Processor reset is completed for ps7_cortexa9_0
15:11:59 INFO  : Connected to target on host '127.0.0.1' and port '3121'.
15:11:59 INFO  : 'targets -set -filter {jtag_cable_name =~ "Digilent Zybo 210279760346A" && level==0} -index 1' command is executed.
15:12:01 INFO  : FPGA configured successfully with bitstream "C:/Users/zakhar/motor_1/motor_1.sdk/design_1_wrapper_hw_platform_0/design_1_wrapper.bit"
15:12:05 INFO  : Processor reset is completed for ps7_cortexa9_0
15:12:52 ERROR : Unexpected error while parsing XMD response ?: com.google.gson.JsonSyntaxException: com.google.gson.stream.MalformedJsonException: invalid number or unquoted string near 
15:13:25 INFO  : Launching XSDB server: xsdb.bat C:/Xilinx/SDK/2015.4/scripts/xsdb/xsdb/xsdb-server.tcl
15:13:27 INFO  : XSDB server has started successfully.
15:13:28 INFO  : Processing command line option -hwspec C:/Users/zakhar/motor_1/motor_1.sdk/design_1_wrapper.hdf.
15:13:28 INFO  : Checking for hwspec changes in the project design_1_wrapper_hw_platform_0.
10:40:44 INFO  : Registering command handlers for SDK TCF services
10:40:45 INFO  : Launching XSCT server: xsct -n -interactive /home/roozbeh/Downloads/Motor_pwm_and_rotary_encoder_IPs/motor_1/motor_1.sdk/temp_xsdb_launch_script.tcl
10:40:46 INFO  : XSCT server has started successfully.
10:40:46 INFO  : Successfully done setting XSCT server connection channel  
10:40:46 INFO  : Successfully done setting SDK workspace  
10:40:46 INFO  : Restoring global repository preferences: 
		 /home/roozbeh/Xilinx/SDK/2016.3/device-tree-xlnx
10:40:46 INFO  : Processing command line option -hwspec /home/roozbeh/Downloads/Motor_pwm_and_rotary_encoder_IPs/motor_1/motor_1.sdk/design_1_wrapper.hdf.
10:55:36 ERROR : Checking FPGA configuration failed..Connection to Board Failed


    Unknown Error Occured
    Cable is not connected to the host

10:55:36 ERROR : Unexpected error while launching program.
com.xilinx.sdk.targetmanager.TMException: Connection to Board Failed


    Unknown Error Occured
    Cable is not connected to the host

	at com.xilinx.sdk.targetmanager.internal.TM.isFPGAConfigured(TM.java:374)
	at com.xilinx.sdk.debug.core.XilinxAppLaunchConfigurationDelegate.isFpgaConfigured(XilinxAppLaunchConfigurationDelegate.java:409)
	at com.xilinx.sdk.debug.core.XilinxAppLaunchConfigurationDelegate.launch(XilinxAppLaunchConfigurationDelegate.java:303)
	at com.xilinx.sdk.debug.ui.XilinxAppLaunchDelegateWrapper.launch(XilinxAppLaunchDelegateWrapper.java:31)
	at org.eclipse.debug.internal.core.LaunchConfiguration.launch(LaunchConfiguration.java:885)
	at org.eclipse.debug.internal.core.LaunchConfiguration.launch(LaunchConfiguration.java:739)
	at org.eclipse.debug.internal.ui.DebugUIPlugin.buildAndLaunch(DebugUIPlugin.java:1039)
	at org.eclipse.debug.internal.ui.DebugUIPlugin$8.run(DebugUIPlugin.java:1256)
	at org.eclipse.core.internal.jobs.Worker.run(Worker.java:55)
12:32:29 ERROR : Unexpected error while parsing XMD response ￿: com.google.gson.JsonSyntaxException: com.google.gson.stream.MalformedJsonException: invalid number or unquoted string near 
13:25:50 INFO  : Registering command handlers for SDK TCF services
13:25:51 INFO  : Launching XSCT server: xsct -n -interactive /home/roozbeh/Git/FPGA/Zybo_motor_VHDL/motor_1/motor_1.sdk/temp_xsdb_launch_script.tcl
13:25:53 INFO  : XSCT server has started successfully.
13:25:54 INFO  : Successfully done setting XSCT server connection channel  
13:25:54 INFO  : Successfully done setting SDK workspace  
13:25:54 INFO  : Restoring global repository preferences: 
		 /home/roozbeh/Xilinx/SDK/2016.3/device-tree-xlnx
13:25:54 INFO  : Processing command line option -hwspec /home/roozbeh/Git/FPGA/Zybo_motor_VHDL/motor_1/motor_1.sdk/design_1_wrapper.hdf.
13:31:50 INFO  : Registering command handlers for SDK TCF services
13:31:50 INFO  : Launching XSCT server: xsct -n -interactive /home/roozbeh/Git/FPGA/Zybo_motor_VHDL/motor_1/motor_1.sdk/temp_xsdb_launch_script.tcl
13:31:52 INFO  : XSCT server has started successfully.
13:31:52 INFO  : Successfully done setting XSCT server connection channel  
13:31:53 INFO  : Successfully done setting SDK workspace  
13:31:53 INFO  : Restoring global repository preferences: 
		 /home/roozbeh/Xilinx/SDK/2016.3/device-tree-xlnx
13:31:53 INFO  : Processing command line option -hwspec /home/roozbeh/Git/FPGA/Zybo_motor_VHDL/motor_1/motor_1.sdk/design_1_wrapper.hdf.
13:31:53 INFO  : Checking for hwspec changes in the project design_1_wrapper_hw_platform_2.
13:32:07 INFO  : BSP Project P/device_tree_bsp_0 has been successfully migrated.
15:03:50 INFO  : Registering command handlers for SDK TCF services
15:03:51 INFO  : Launching XSCT server: xsct -n -interactive /home/roozbeh/Git/FPGA/Zybo_motor_VHDL/motor_1/motor_1.sdk/temp_xsdb_launch_script.tcl
15:03:52 INFO  : XSCT server has started successfully.
15:03:52 INFO  : Successfully done setting XSCT server connection channel  
15:03:52 INFO  : Restoring global repository preferences: 
		 /home/roozbeh/Xilinx/SDK/2016.3/device-tree-xlnx
15:03:52 INFO  : Successfully done setting SDK workspace  
15:03:52 INFO  : Processing command line option -hwspec /home/roozbeh/Git/FPGA/Zybo_motor_VHDL/motor_1/motor_1.sdk/design_1_wrapper.hdf.
15:03:54 INFO  : Checking for hwspec changes in the project design_1_wrapper_hw_platform_2.
15:04:05 INFO  : BSP Project P/device_tree_bsp_0 has been successfully migrated.
