
*** Running vivado
    with args -log myip2_v1_0.vds -m64 -mode batch -messageDb vivado.pb -notrace -source myip2_v1_0.tcl


****** Vivado v2016.2 (64-bit)
  **** SW Build 1577090 on Thu Jun  2 16:32:35 MDT 2016
  **** IP Build 1577682 on Fri Jun  3 12:00:54 MDT 2016
    ** Copyright 1986-2016 Xilinx, Inc. All Rights Reserved.

source myip2_v1_0.tcl -notrace
Command: synth_design -top myip2_v1_0 -part xc7z020clg484-1
Starting synth_design
Attempting to get a license for feature 'Synthesis' and/or device 'xc7z020'
INFO: [Common 17-349] Got license for feature 'Synthesis' and/or device 'xc7z020'
INFO: Launching helper process for spawning children vivado processes
INFO: Helper process launched with PID 12019 
---------------------------------------------------------------------------------
Starting Synthesize : Time (s): cpu = 00:00:07 ; elapsed = 00:00:07 . Memory (MB): peak = 1013.223 ; gain = 128.137 ; free physical = 100 ; free virtual = 6363
---------------------------------------------------------------------------------
INFO: [Synth 8-638] synthesizing module 'myip2_v1_0' [/home/roozbeh/vivado/ip_repo/myip2_1.0/hdl/myip2_v1_0.vhd:49]
	Parameter C_S00_AXI_DATA_WIDTH bound to: 32 - type: integer 
	Parameter C_S00_AXI_ADDR_WIDTH bound to: 4 - type: integer 
	Parameter C_S_AXI_DATA_WIDTH bound to: 32 - type: integer 
	Parameter C_S_AXI_ADDR_WIDTH bound to: 4 - type: integer 
INFO: [Synth 8-3491] module 'myip2_v1_0_S00_AXI' declared at '/home/roozbeh/vivado/ip_repo/myip2_1.0/hdl/myip2_v1_0_S00_AXI.vhd:5' bound to instance 'myip2_v1_0_S00_AXI_inst' of component 'myip2_v1_0_S00_AXI' [/home/roozbeh/vivado/ip_repo/myip2_1.0/hdl/myip2_v1_0.vhd:86]
INFO: [Synth 8-638] synthesizing module 'myip2_v1_0_S00_AXI' [/home/roozbeh/vivado/ip_repo/myip2_1.0/hdl/myip2_v1_0_S00_AXI.vhd:87]
	Parameter C_S_AXI_DATA_WIDTH bound to: 32 - type: integer 
	Parameter C_S_AXI_ADDR_WIDTH bound to: 4 - type: integer 
INFO: [Synth 8-226] default block is never used [/home/roozbeh/vivado/ip_repo/myip2_1.0/hdl/myip2_v1_0_S00_AXI.vhd:219]
INFO: [Synth 8-226] default block is never used [/home/roozbeh/vivado/ip_repo/myip2_1.0/hdl/myip2_v1_0_S00_AXI.vhd:354]
INFO: [Synth 8-256] done synthesizing module 'myip2_v1_0_S00_AXI' (1#1) [/home/roozbeh/vivado/ip_repo/myip2_1.0/hdl/myip2_v1_0_S00_AXI.vhd:87]
INFO: [Synth 8-256] done synthesizing module 'myip2_v1_0' (2#1) [/home/roozbeh/vivado/ip_repo/myip2_1.0/hdl/myip2_v1_0.vhd:49]
WARNING: [Synth 8-3331] design myip2_v1_0_S00_AXI has unconnected port S_AXI_AWPROT[2]
WARNING: [Synth 8-3331] design myip2_v1_0_S00_AXI has unconnected port S_AXI_AWPROT[1]
WARNING: [Synth 8-3331] design myip2_v1_0_S00_AXI has unconnected port S_AXI_AWPROT[0]
WARNING: [Synth 8-3331] design myip2_v1_0_S00_AXI has unconnected port S_AXI_ARPROT[2]
WARNING: [Synth 8-3331] design myip2_v1_0_S00_AXI has unconnected port S_AXI_ARPROT[1]
WARNING: [Synth 8-3331] design myip2_v1_0_S00_AXI has unconnected port S_AXI_ARPROT[0]
---------------------------------------------------------------------------------
Finished Synthesize : Time (s): cpu = 00:00:08 ; elapsed = 00:00:08 . Memory (MB): peak = 1053.660 ; gain = 168.574 ; free physical = 57 ; free virtual = 6319
---------------------------------------------------------------------------------
---------------------------------------------------------------------------------
Finished Constraint Validation : Time (s): cpu = 00:00:08 ; elapsed = 00:00:08 . Memory (MB): peak = 1053.660 ; gain = 168.574 ; free physical = 57 ; free virtual = 6319
---------------------------------------------------------------------------------
---------------------------------------------------------------------------------
Start Loading Part and Timing Information
---------------------------------------------------------------------------------
Loading part: xc7z020clg484-1
---------------------------------------------------------------------------------
Finished Loading Part and Timing Information : Time (s): cpu = 00:00:08 ; elapsed = 00:00:08 . Memory (MB): peak = 1061.664 ; gain = 176.578 ; free physical = 57 ; free virtual = 6319
---------------------------------------------------------------------------------
INFO: [Device 21-403] Loading part xc7z020clg484-1
---------------------------------------------------------------------------------
Finished RTL Optimization Phase 2 : Time (s): cpu = 00:00:08 ; elapsed = 00:00:08 . Memory (MB): peak = 1069.672 ; gain = 184.586 ; free physical = 53 ; free virtual = 6315
---------------------------------------------------------------------------------

Report RTL Partitions: 
+-+--------------+------------+----------+
| |RTL Partition |Replication |Instances |
+-+--------------+------------+----------+
+-+--------------+------------+----------+
No constraint files found.
---------------------------------------------------------------------------------
Start RTL Component Statistics 
---------------------------------------------------------------------------------
Detailed RTL Component Info : 
+---Registers : 
	               32 Bit    Registers := 6     
	                4 Bit    Registers := 2     
	                2 Bit    Registers := 2     
	                1 Bit    Registers := 5     
+---Muxes : 
	   2 Input     32 Bit        Muxes := 4     
	   4 Input     32 Bit        Muxes := 5     
	   2 Input      1 Bit        Muxes := 4     
---------------------------------------------------------------------------------
Finished RTL Component Statistics 
---------------------------------------------------------------------------------
---------------------------------------------------------------------------------
Start RTL Hierarchical Component Statistics 
---------------------------------------------------------------------------------
Hierarchical RTL Component report 
Module myip2_v1_0_S00_AXI 
Detailed RTL Component Info : 
+---Registers : 
	               32 Bit    Registers := 6     
	                4 Bit    Registers := 2     
	                2 Bit    Registers := 2     
	                1 Bit    Registers := 5     
+---Muxes : 
	   2 Input     32 Bit        Muxes := 4     
	   4 Input     32 Bit        Muxes := 5     
	   2 Input      1 Bit        Muxes := 4     
---------------------------------------------------------------------------------
Finished RTL Hierarchical Component Statistics
---------------------------------------------------------------------------------
---------------------------------------------------------------------------------
Start Part Resource Summary
---------------------------------------------------------------------------------
Part Resources:
DSPs: 220 (col length:60)
BRAMs: 280 (col length: RAMB18 60 RAMB36 30)
---------------------------------------------------------------------------------
Finished Part Resource Summary
---------------------------------------------------------------------------------
Start Parallel Synthesis Optimization  : Time (s): cpu = 00:00:11 ; elapsed = 00:00:12 . Memory (MB): peak = 1160.992 ; gain = 275.906 ; free physical = 55 ; free virtual = 6215
---------------------------------------------------------------------------------
Start Cross Boundary Optimization
---------------------------------------------------------------------------------
WARNING: [Synth 8-3331] design myip2_v1_0 has unconnected port s00_axi_awprot[2]
WARNING: [Synth 8-3331] design myip2_v1_0 has unconnected port s00_axi_awprot[1]
WARNING: [Synth 8-3331] design myip2_v1_0 has unconnected port s00_axi_awprot[0]
WARNING: [Synth 8-3331] design myip2_v1_0 has unconnected port s00_axi_arprot[2]
WARNING: [Synth 8-3331] design myip2_v1_0 has unconnected port s00_axi_arprot[1]
WARNING: [Synth 8-3331] design myip2_v1_0 has unconnected port s00_axi_arprot[0]
---------------------------------------------------------------------------------
Finished Cross Boundary Optimization : Time (s): cpu = 00:00:11 ; elapsed = 00:00:12 . Memory (MB): peak = 1169.000 ; gain = 283.914 ; free physical = 47 ; free virtual = 6207
---------------------------------------------------------------------------------
Finished Parallel Reinference  : Time (s): cpu = 00:00:11 ; elapsed = 00:00:12 . Memory (MB): peak = 1169.000 ; gain = 283.914 ; free physical = 47 ; free virtual = 6207

Report RTL Partitions: 
+-+--------------+------------+----------+
| |RTL Partition |Replication |Instances |
+-+--------------+------------+----------+
+-+--------------+------------+----------+
No constraint files found.
---------------------------------------------------------------------------------
Start Area Optimization
---------------------------------------------------------------------------------
INFO: [Synth 8-3886] merging instance 'myip2_v1_0_S00_AXI_inst/axi_rresp_reg[0]' (FDRE) to 'myip2_v1_0_S00_AXI_inst/axi_rresp_reg[1]'
INFO: [Synth 8-3333] propagating constant 0 across sequential element (\myip2_v1_0_S00_AXI_inst/axi_rresp_reg[1] )
INFO: [Synth 8-3886] merging instance 'myip2_v1_0_S00_AXI_inst/axi_bresp_reg[0]' (FDRE) to 'myip2_v1_0_S00_AXI_inst/axi_bresp_reg[1]'
INFO: [Synth 8-3333] propagating constant 0 across sequential element (\myip2_v1_0_S00_AXI_inst/axi_bresp_reg[1] )
WARNING: [Synth 8-3332] Sequential element (myip2_v1_0_S00_AXI_inst/axi_awaddr_reg[1]) is unused and will be removed from module myip2_v1_0.
WARNING: [Synth 8-3332] Sequential element (myip2_v1_0_S00_AXI_inst/axi_awaddr_reg[0]) is unused and will be removed from module myip2_v1_0.
WARNING: [Synth 8-3332] Sequential element (myip2_v1_0_S00_AXI_inst/axi_bresp_reg[1]) is unused and will be removed from module myip2_v1_0.
WARNING: [Synth 8-3332] Sequential element (myip2_v1_0_S00_AXI_inst/axi_bresp_reg[0]) is unused and will be removed from module myip2_v1_0.
WARNING: [Synth 8-3332] Sequential element (myip2_v1_0_S00_AXI_inst/axi_araddr_reg[1]) is unused and will be removed from module myip2_v1_0.
WARNING: [Synth 8-3332] Sequential element (myip2_v1_0_S00_AXI_inst/axi_araddr_reg[0]) is unused and will be removed from module myip2_v1_0.
WARNING: [Synth 8-3332] Sequential element (myip2_v1_0_S00_AXI_inst/axi_rresp_reg[1]) is unused and will be removed from module myip2_v1_0.
WARNING: [Synth 8-3332] Sequential element (myip2_v1_0_S00_AXI_inst/axi_rresp_reg[0]) is unused and will be removed from module myip2_v1_0.
---------------------------------------------------------------------------------
Finished Area Optimization : Time (s): cpu = 00:00:12 ; elapsed = 00:00:12 . Memory (MB): peak = 1186.023 ; gain = 300.938 ; free physical = 55 ; free virtual = 6191
---------------------------------------------------------------------------------
Finished Parallel Area Optimization  : Time (s): cpu = 00:00:12 ; elapsed = 00:00:12 . Memory (MB): peak = 1186.023 ; gain = 300.938 ; free physical = 55 ; free virtual = 6191

Report RTL Partitions: 
+-+--------------+------------+----------+
| |RTL Partition |Replication |Instances |
+-+--------------+------------+----------+
+-+--------------+------------+----------+
---------------------------------------------------------------------------------
Start Timing Optimization
---------------------------------------------------------------------------------
No constraint files found.
---------------------------------------------------------------------------------
Finished Timing Optimization : Time (s): cpu = 00:00:12 ; elapsed = 00:00:12 . Memory (MB): peak = 1186.023 ; gain = 300.938 ; free physical = 55 ; free virtual = 6191
---------------------------------------------------------------------------------

Report RTL Partitions: 
+-+--------------+------------+----------+
| |RTL Partition |Replication |Instances |
+-+--------------+------------+----------+
+-+--------------+------------+----------+
---------------------------------------------------------------------------------
Start Technology Mapping
---------------------------------------------------------------------------------
---------------------------------------------------------------------------------
Finished Technology Mapping : Time (s): cpu = 00:00:12 ; elapsed = 00:00:12 . Memory (MB): peak = 1186.023 ; gain = 300.938 ; free physical = 55 ; free virtual = 6190
---------------------------------------------------------------------------------
Finished Parallel Technology Mapping Optimization  : Time (s): cpu = 00:00:12 ; elapsed = 00:00:12 . Memory (MB): peak = 1186.023 ; gain = 300.938 ; free physical = 55 ; free virtual = 6190

Report RTL Partitions: 
+-+--------------+------------+----------+
| |RTL Partition |Replication |Instances |
+-+--------------+------------+----------+
+-+--------------+------------+----------+
Finished Parallel Synthesis Optimization  : Time (s): cpu = 00:00:12 ; elapsed = 00:00:12 . Memory (MB): peak = 1186.023 ; gain = 300.938 ; free physical = 55 ; free virtual = 6190
---------------------------------------------------------------------------------
Start IO Insertion
---------------------------------------------------------------------------------
---------------------------------------------------------------------------------
Start Flattening Before IO Insertion
---------------------------------------------------------------------------------
---------------------------------------------------------------------------------
Finished Flattening Before IO Insertion
---------------------------------------------------------------------------------
---------------------------------------------------------------------------------
Start Final Netlist Cleanup
---------------------------------------------------------------------------------
---------------------------------------------------------------------------------
Finished Final Netlist Cleanup
---------------------------------------------------------------------------------
---------------------------------------------------------------------------------
Finished IO Insertion : Time (s): cpu = 00:00:12 ; elapsed = 00:00:13 . Memory (MB): peak = 1186.023 ; gain = 300.938 ; free physical = 52 ; free virtual = 6188
---------------------------------------------------------------------------------

Report Check Netlist: 
+------+------------------+-------+---------+-------+------------------+
|      |Item              |Errors |Warnings |Status |Description       |
+------+------------------+-------+---------+-------+------------------+
|1     |multi_driven_nets |      0|        0|Passed |Multi driven nets |
+------+------------------+-------+---------+-------+------------------+
---------------------------------------------------------------------------------
Start Renaming Generated Instances
---------------------------------------------------------------------------------
---------------------------------------------------------------------------------
Finished Renaming Generated Instances : Time (s): cpu = 00:00:12 ; elapsed = 00:00:13 . Memory (MB): peak = 1186.023 ; gain = 300.938 ; free physical = 52 ; free virtual = 6188
---------------------------------------------------------------------------------

Report RTL Partitions: 
+-+--------------+------------+----------+
| |RTL Partition |Replication |Instances |
+-+--------------+------------+----------+
+-+--------------+------------+----------+
---------------------------------------------------------------------------------
Start Rebuilding User Hierarchy
---------------------------------------------------------------------------------
---------------------------------------------------------------------------------
Finished Rebuilding User Hierarchy : Time (s): cpu = 00:00:12 ; elapsed = 00:00:13 . Memory (MB): peak = 1186.023 ; gain = 300.938 ; free physical = 52 ; free virtual = 6188
---------------------------------------------------------------------------------
---------------------------------------------------------------------------------
Start Renaming Generated Ports
---------------------------------------------------------------------------------
---------------------------------------------------------------------------------
Finished Renaming Generated Ports : Time (s): cpu = 00:00:12 ; elapsed = 00:00:13 . Memory (MB): peak = 1186.023 ; gain = 300.938 ; free physical = 52 ; free virtual = 6188
---------------------------------------------------------------------------------
---------------------------------------------------------------------------------
Start Handling Custom Attributes
---------------------------------------------------------------------------------
---------------------------------------------------------------------------------
Finished Handling Custom Attributes : Time (s): cpu = 00:00:12 ; elapsed = 00:00:13 . Memory (MB): peak = 1186.023 ; gain = 300.938 ; free physical = 51 ; free virtual = 6187
---------------------------------------------------------------------------------
---------------------------------------------------------------------------------
Start Renaming Generated Nets
---------------------------------------------------------------------------------
---------------------------------------------------------------------------------
Finished Renaming Generated Nets : Time (s): cpu = 00:00:12 ; elapsed = 00:00:13 . Memory (MB): peak = 1186.023 ; gain = 300.938 ; free physical = 51 ; free virtual = 6187
---------------------------------------------------------------------------------
---------------------------------------------------------------------------------
Start Writing Synthesis Report
---------------------------------------------------------------------------------

Report BlackBoxes: 
+-+--------------+----------+
| |BlackBox name |Instances |
+-+--------------+----------+
+-+--------------+----------+

Report Cell Usage: 
+------+-----+------+
|      |Cell |Count |
+------+-----+------+
|1     |BUFG |     1|
|2     |LUT1 |     1|
|3     |LUT2 |     1|
|4     |LUT3 |     3|
|5     |LUT4 |    18|
|6     |LUT6 |    33|
|7     |FDRE |   199|
|8     |FDSE |     2|
|9     |IBUF |    47|
|10    |OBUF |    73|
+------+-----+------+

Report Instance Areas: 
+------+--------------------------+-------------------+------+
|      |Instance                  |Module             |Cells |
+------+--------------------------+-------------------+------+
|1     |top                       |                   |   378|
|2     |  myip2_v1_0_S00_AXI_inst |myip2_v1_0_S00_AXI |   257|
+------+--------------------------+-------------------+------+
---------------------------------------------------------------------------------
Finished Writing Synthesis Report : Time (s): cpu = 00:00:12 ; elapsed = 00:00:13 . Memory (MB): peak = 1186.023 ; gain = 300.938 ; free physical = 52 ; free virtual = 6187
---------------------------------------------------------------------------------
Synthesis finished with 0 errors, 0 critical warnings and 20 warnings.
Synthesis Optimization Runtime : Time (s): cpu = 00:00:10 ; elapsed = 00:00:10 . Memory (MB): peak = 1186.023 ; gain = 213.797 ; free physical = 51 ; free virtual = 6187
Synthesis Optimization Complete : Time (s): cpu = 00:00:12 ; elapsed = 00:00:13 . Memory (MB): peak = 1186.031 ; gain = 300.945 ; free physical = 51 ; free virtual = 6187
INFO: [Project 1-571] Translating synthesized netlist
INFO: [Netlist 29-17] Analyzing 47 Unisim elements for replacement
INFO: [Netlist 29-28] Unisim Transformation completed in 0 CPU seconds
INFO: [Project 1-570] Preparing netlist for logic optimization
INFO: [Opt 31-138] Pushed 0 inverter(s) to 0 load pin(s).
INFO: [Project 1-111] Unisim Transformation Summary:
No Unisim elements were transformed.

INFO: [Common 17-83] Releasing license: Synthesis
20 Infos, 20 Warnings, 0 Critical Warnings and 0 Errors encountered.
synth_design completed successfully
synth_design: Time (s): cpu = 00:00:13 ; elapsed = 00:00:13 . Memory (MB): peak = 1279.035 ; gain = 319.395 ; free physical = 48 ; free virtual = 6113
report_utilization: Time (s): cpu = 00:00:00.10 ; elapsed = 00:00:00.14 . Memory (MB): peak = 1311.051 ; gain = 0.000 ; free physical = 62 ; free virtual = 6111
INFO: [Common 17-206] Exiting Vivado at Mon Aug 22 14:19:58 2016...
