
*** Running vivado
    with args -log myip2_v1_0.vdi -applog -m64 -messageDb vivado.pb -mode batch -source myip2_v1_0.tcl -notrace


****** Vivado v2016.2 (64-bit)
  **** SW Build 1577090 on Thu Jun  2 16:32:35 MDT 2016
  **** IP Build 1577682 on Fri Jun  3 12:00:54 MDT 2016
    ** Copyright 1986-2016 Xilinx, Inc. All Rights Reserved.

source myip2_v1_0.tcl -notrace
Design is defaulting to srcset: sources_1
Design is defaulting to constrset: constrs_1
INFO: [Netlist 29-17] Analyzing 47 Unisim elements for replacement
INFO: [Netlist 29-28] Unisim Transformation completed in 0 CPU seconds
INFO: [Project 1-479] Netlist was created with Vivado 2016.2
INFO: [Device 21-403] Loading part xc7z020clg484-1
INFO: [Project 1-570] Preparing netlist for logic optimization
INFO: [Opt 31-138] Pushed 0 inverter(s) to 0 load pin(s).
INFO: [Project 1-111] Unisim Transformation Summary:
No Unisim elements were transformed.

link_design: Time (s): cpu = 00:00:05 ; elapsed = 00:00:06 . Memory (MB): peak = 1199.902 ; gain = 240.266 ; free physical = 141 ; free virtual = 6212
INFO: [Vivado_Tcl 4-424] Cannot write hardware definition file as there are no IPI block design hardware handoff files present
Command: opt_design
Attempting to get a license for feature 'Implementation' and/or device 'xc7z020'
INFO: [Common 17-349] Got license for feature 'Implementation' and/or device 'xc7z020'
Running DRC as a precondition to command opt_design

Starting DRC Task
INFO: [DRC 23-27] Running DRC with 4 threads
INFO: [Project 1-461] DRC finished with 0 Errors
INFO: [Project 1-462] Please refer to the DRC report (report_drc) for more information.

Time (s): cpu = 00:00:00.07 ; elapsed = 00:00:00.08 . Memory (MB): peak = 1238.918 ; gain = 39.016 ; free physical = 136 ; free virtual = 6207
INFO: [Timing 38-35] Done setting XDC timing constraints.

Starting Logic Optimization Task
Implement Debug Cores | Checksum: 11e01d327

Phase 1 Retarget
INFO: [Opt 31-138] Pushed 0 inverter(s) to 0 load pin(s).
INFO: [Opt 31-49] Retargeted 0 cell(s).
Phase 1 Retarget | Checksum: 11e01d327

Time (s): cpu = 00:00:00.02 ; elapsed = 00:00:00.03 . Memory (MB): peak = 1651.410 ; gain = 0.000 ; free physical = 70 ; free virtual = 5884

Phase 2 Constant Propagation
INFO: [Opt 31-138] Pushed 0 inverter(s) to 0 load pin(s).
INFO: [Opt 31-10] Eliminated 0 cells.
Phase 2 Constant Propagation | Checksum: 11e01d327

Time (s): cpu = 00:00:00.03 ; elapsed = 00:00:00.04 . Memory (MB): peak = 1651.410 ; gain = 0.000 ; free physical = 70 ; free virtual = 5884

Phase 3 Sweep
INFO: [Opt 31-12] Eliminated 0 unconnected nets.
INFO: [Opt 31-11] Eliminated 0 unconnected cells.
Phase 3 Sweep | Checksum: 11e01d327

Time (s): cpu = 00:00:00.04 ; elapsed = 00:00:00.05 . Memory (MB): peak = 1651.410 ; gain = 0.000 ; free physical = 70 ; free virtual = 5884

Starting Connectivity Check Task

Time (s): cpu = 00:00:00 ; elapsed = 00:00:00 . Memory (MB): peak = 1651.410 ; gain = 0.000 ; free physical = 70 ; free virtual = 5884
Ending Logic Optimization Task | Checksum: 11e01d327

Time (s): cpu = 00:00:00.04 ; elapsed = 00:00:00.05 . Memory (MB): peak = 1651.410 ; gain = 0.000 ; free physical = 70 ; free virtual = 5884

Starting Power Optimization Task
INFO: [Pwropt 34-132] Skipping clock gating for clocks with a period < 2.00 ns.
Ending Power Optimization Task | Checksum: 11e01d327

Time (s): cpu = 00:00:00.01 ; elapsed = 00:00:00.01 . Memory (MB): peak = 1651.410 ; gain = 0.000 ; free physical = 70 ; free virtual = 5884
INFO: [Common 17-83] Releasing license: Implementation
21 Infos, 0 Warnings, 0 Critical Warnings and 0 Errors encountered.
opt_design completed successfully
opt_design: Time (s): cpu = 00:00:09 ; elapsed = 00:00:10 . Memory (MB): peak = 1651.410 ; gain = 451.508 ; free physical = 70 ; free virtual = 5884
INFO: [DRC 23-27] Running DRC with 4 threads
INFO: [Coretcl 2-168] The results of DRC are in file /home/roozbeh/vivado/ip_repo/edit_myip2_v1_0.runs/impl_1/myip2_v1_0_drc_opted.rpt.
INFO: [Chipscope 16-241] No debug cores found in the current design.
Before running the implement_debug_core command, either use the Set Up Debug wizard (GUI mode)
or use the create_debug_core and connect_debug_core Tcl commands to insert debug cores into the design.
Command: place_design
Attempting to get a license for feature 'Implementation' and/or device 'xc7z020'
INFO: [Common 17-349] Got license for feature 'Implementation' and/or device 'xc7z020'
INFO: [DRC 23-27] Running DRC with 4 threads
INFO: [Vivado_Tcl 4-198] DRC finished with 0 Errors
INFO: [Vivado_Tcl 4-199] Please refer to the DRC report (report_drc) for more information.
Running DRC as a precondition to command place_design
INFO: [DRC 23-27] Running DRC with 4 threads
INFO: [Vivado_Tcl 4-198] DRC finished with 0 Errors
INFO: [Vivado_Tcl 4-199] Please refer to the DRC report (report_drc) for more information.

Starting Placer Task
INFO: [Place 30-611] Multithreading enabled for place_design using a maximum of 4 CPUs

Phase 1 Placer Initialization
Netlist sorting complete. Time (s): cpu = 00:00:00 ; elapsed = 00:00:00 . Memory (MB): peak = 1683.426 ; gain = 0.000 ; free physical = 63 ; free virtual = 5877
Netlist sorting complete. Time (s): cpu = 00:00:00 ; elapsed = 00:00:00 . Memory (MB): peak = 1683.426 ; gain = 0.000 ; free physical = 63 ; free virtual = 5877

Phase 1.1 IO Placement/ Clock Placement/ Build Placer Device

Phase 1.1.1 ParallelPlaceIOClockAndInitTop

Phase 1.1.1.1 Pre-Place Cells
Phase 1.1.1.1 Pre-Place Cells | Checksum: 00000000

Time (s): cpu = 00:00:00.04 ; elapsed = 00:00:00.04 . Memory (MB): peak = 1683.426 ; gain = 0.000 ; free physical = 63 ; free virtual = 5877

Phase 1.1.1.2 Constructing HAPIClkRuleMgr
Phase 1.1.1.2 Constructing HAPIClkRuleMgr | Checksum: 00000000

Time (s): cpu = 00:00:00.07 ; elapsed = 00:00:00.07 . Memory (MB): peak = 1683.426 ; gain = 0.000 ; free physical = 63 ; free virtual = 5877
INFO: [Timing 38-35] Done setting XDC timing constraints.

Phase 1.1.1.3 IO and Clk Clean Up

Phase 1.1.1.3.1 Constructing HAPIClkRuleMgr
Phase 1.1.1.3.1 Constructing HAPIClkRuleMgr | Checksum: 00000000

Time (s): cpu = 00:00:01 ; elapsed = 00:00:00.83 . Memory (MB): peak = 1700.426 ; gain = 17.000 ; free physical = 50 ; free virtual = 5864
Phase 1.1.1.3 IO and Clk Clean Up | Checksum: 00000000

Time (s): cpu = 00:00:01 ; elapsed = 00:00:00.87 . Memory (MB): peak = 1700.426 ; gain = 17.000 ; free physical = 50 ; free virtual = 5864

Phase 1.1.1.4 Implementation Feasibility check On IDelay
Phase 1.1.1.4 Implementation Feasibility check On IDelay | Checksum: 00000000

Time (s): cpu = 00:00:01 ; elapsed = 00:00:00.87 . Memory (MB): peak = 1700.426 ; gain = 17.000 ; free physical = 50 ; free virtual = 5864

Phase 1.1.1.5 Commit IO Placement
Phase 1.1.1.5 Commit IO Placement | Checksum: df6c63b7

Time (s): cpu = 00:00:01 ; elapsed = 00:00:00.89 . Memory (MB): peak = 1700.426 ; gain = 17.000 ; free physical = 50 ; free virtual = 5864
Phase 1.1.1 ParallelPlaceIOClockAndInitTop | Checksum: df6c63b7

Time (s): cpu = 00:00:01 ; elapsed = 00:00:00.89 . Memory (MB): peak = 1700.426 ; gain = 17.000 ; free physical = 50 ; free virtual = 5864
Phase 1.1 IO Placement/ Clock Placement/ Build Placer Device | Checksum: 150a8d14c

Time (s): cpu = 00:00:01 ; elapsed = 00:00:00.89 . Memory (MB): peak = 1700.426 ; gain = 17.000 ; free physical = 50 ; free virtual = 5864

Phase 1.2 Build Placer Netlist Model

Phase 1.2.1 Place Init Design

Phase 1.2.1.1 Make Others
Phase 1.2.1.1 Make Others | Checksum: 2330af74a

Time (s): cpu = 00:00:01 ; elapsed = 00:00:00.90 . Memory (MB): peak = 1700.426 ; gain = 17.000 ; free physical = 50 ; free virtual = 5864
Phase 1.2.1 Place Init Design | Checksum: 1a29c44ad

Time (s): cpu = 00:00:01 ; elapsed = 00:00:00.91 . Memory (MB): peak = 1700.426 ; gain = 17.000 ; free physical = 50 ; free virtual = 5864
Phase 1.2 Build Placer Netlist Model | Checksum: 1a29c44ad

Time (s): cpu = 00:00:01 ; elapsed = 00:00:00.91 . Memory (MB): peak = 1700.426 ; gain = 17.000 ; free physical = 50 ; free virtual = 5864

Phase 1.3 Constrain Clocks/Macros
Phase 1.3 Constrain Clocks/Macros | Checksum: 1a29c44ad

Time (s): cpu = 00:00:01 ; elapsed = 00:00:00.91 . Memory (MB): peak = 1700.426 ; gain = 17.000 ; free physical = 50 ; free virtual = 5864
Phase 1 Placer Initialization | Checksum: 1a29c44ad

Time (s): cpu = 00:00:01 ; elapsed = 00:00:00.91 . Memory (MB): peak = 1700.426 ; gain = 17.000 ; free physical = 50 ; free virtual = 5864

Phase 2 Global Placement
Phase 2 Global Placement | Checksum: 1ef443a2a

Time (s): cpu = 00:00:02 ; elapsed = 00:00:01 . Memory (MB): peak = 1724.438 ; gain = 41.012 ; free physical = 55 ; free virtual = 5854

Phase 3 Detail Placement

Phase 3.1 Commit Multi Column Macros
Phase 3.1 Commit Multi Column Macros | Checksum: 1ef443a2a

Time (s): cpu = 00:00:02 ; elapsed = 00:00:01 . Memory (MB): peak = 1724.438 ; gain = 41.012 ; free physical = 55 ; free virtual = 5854

Phase 3.2 Commit Most Macros & LUTRAMs
Phase 3.2 Commit Most Macros & LUTRAMs | Checksum: 18fe529e5

Time (s): cpu = 00:00:02 ; elapsed = 00:00:01 . Memory (MB): peak = 1724.438 ; gain = 41.012 ; free physical = 55 ; free virtual = 5854

Phase 3.3 Area Swap Optimization
Phase 3.3 Area Swap Optimization | Checksum: 17ff1a17c

Time (s): cpu = 00:00:02 ; elapsed = 00:00:01 . Memory (MB): peak = 1724.438 ; gain = 41.012 ; free physical = 55 ; free virtual = 5854

Phase 3.4 Small Shape Detail Placement
Phase 3.4 Small Shape Detail Placement | Checksum: 18d128bc9

Time (s): cpu = 00:00:02 ; elapsed = 00:00:01 . Memory (MB): peak = 1724.438 ; gain = 41.012 ; free physical = 51 ; free virtual = 5849

Phase 3.5 Re-assign LUT pins
Phase 3.5 Re-assign LUT pins | Checksum: 18d128bc9

Time (s): cpu = 00:00:02 ; elapsed = 00:00:01 . Memory (MB): peak = 1724.438 ; gain = 41.012 ; free physical = 51 ; free virtual = 5849

Phase 3.6 Pipeline Register Optimization
Phase 3.6 Pipeline Register Optimization | Checksum: 18d128bc9

Time (s): cpu = 00:00:02 ; elapsed = 00:00:01 . Memory (MB): peak = 1724.438 ; gain = 41.012 ; free physical = 51 ; free virtual = 5849
Phase 3 Detail Placement | Checksum: 18d128bc9

Time (s): cpu = 00:00:02 ; elapsed = 00:00:01 . Memory (MB): peak = 1724.438 ; gain = 41.012 ; free physical = 51 ; free virtual = 5849

Phase 4 Post Placement Optimization and Clean-Up

Phase 4.1 Post Commit Optimization
Phase 4.1 Post Commit Optimization | Checksum: 18d128bc9

Time (s): cpu = 00:00:02 ; elapsed = 00:00:01 . Memory (MB): peak = 1724.438 ; gain = 41.012 ; free physical = 51 ; free virtual = 5849

Phase 4.2 Sweep Clock Roots: Post-Placement
Phase 4.2 Sweep Clock Roots: Post-Placement | Checksum: 18d128bc9

Time (s): cpu = 00:00:02 ; elapsed = 00:00:01 . Memory (MB): peak = 1724.438 ; gain = 41.012 ; free physical = 51 ; free virtual = 5849

Phase 4.3 Post Placement Cleanup
Phase 4.3 Post Placement Cleanup | Checksum: 18d128bc9

Time (s): cpu = 00:00:02 ; elapsed = 00:00:01 . Memory (MB): peak = 1724.438 ; gain = 41.012 ; free physical = 51 ; free virtual = 5849

Phase 4.4 Placer Reporting
Phase 4.4 Placer Reporting | Checksum: 18d128bc9

Time (s): cpu = 00:00:02 ; elapsed = 00:00:01 . Memory (MB): peak = 1724.438 ; gain = 41.012 ; free physical = 51 ; free virtual = 5849

Phase 4.5 Final Placement Cleanup
Phase 4.5 Final Placement Cleanup | Checksum: 1d1384cd9

Time (s): cpu = 00:00:02 ; elapsed = 00:00:01 . Memory (MB): peak = 1724.438 ; gain = 41.012 ; free physical = 51 ; free virtual = 5849
Phase 4 Post Placement Optimization and Clean-Up | Checksum: 1d1384cd9

Time (s): cpu = 00:00:02 ; elapsed = 00:00:01 . Memory (MB): peak = 1724.438 ; gain = 41.012 ; free physical = 51 ; free virtual = 5849
Ending Placer Task | Checksum: 1553c2996

Time (s): cpu = 00:00:02 ; elapsed = 00:00:01 . Memory (MB): peak = 1724.438 ; gain = 41.012 ; free physical = 51 ; free virtual = 5849
INFO: [Common 17-83] Releasing license: Implementation
34 Infos, 0 Warnings, 0 Critical Warnings and 0 Errors encountered.
place_design completed successfully
Writing placer database...
Writing XDEF routing.
Writing XDEF routing logical nets.
Writing XDEF routing special nets.
Write XDEF Complete: Time (s): cpu = 00:00:00.14 ; elapsed = 00:00:00.09 . Memory (MB): peak = 1724.438 ; gain = 0.000 ; free physical = 49 ; free virtual = 5850
report_io: Time (s): cpu = 00:00:00.19 ; elapsed = 00:00:00.25 . Memory (MB): peak = 1724.438 ; gain = 0.000 ; free physical = 59 ; free virtual = 5846
report_utilization: Time (s): cpu = 00:00:00.12 ; elapsed = 00:00:00.14 . Memory (MB): peak = 1724.438 ; gain = 0.000 ; free physical = 59 ; free virtual = 5846
report_control_sets: Time (s): cpu = 00:00:00.08 ; elapsed = 00:00:00.11 . Memory (MB): peak = 1724.438 ; gain = 0.000 ; free physical = 62 ; free virtual = 5845
Command: route_design
Attempting to get a license for feature 'Implementation' and/or device 'xc7z020'
INFO: [Common 17-349] Got license for feature 'Implementation' and/or device 'xc7z020'
Running DRC as a precondition to command route_design
INFO: [DRC 23-27] Running DRC with 4 threads
INFO: [Vivado_Tcl 4-198] DRC finished with 0 Errors
INFO: [Vivado_Tcl 4-199] Please refer to the DRC report (report_drc) for more information.


Starting Routing Task
INFO: [Route 35-254] Multithreading enabled for route_design using a maximum of 4 CPUs
Checksum: PlaceDB: 9fd9faf1 ConstDB: 0 ShapeSum: b5622ea5 RouteDB: 0

Phase 1 Build RT Design
Phase 1 Build RT Design | Checksum: 6e1d8151

Time (s): cpu = 00:00:24 ; elapsed = 00:00:20 . Memory (MB): peak = 1785.102 ; gain = 60.664 ; free physical = 54 ; free virtual = 5728

Phase 2 Router Initialization
INFO: [Route 35-64] No timing constraints were detected. The router will operate in resource-optimization mode.

Phase 2.1 Fix Topology Constraints
Phase 2.1 Fix Topology Constraints | Checksum: 6e1d8151

Time (s): cpu = 00:00:25 ; elapsed = 00:00:20 . Memory (MB): peak = 1798.102 ; gain = 73.664 ; free physical = 55 ; free virtual = 5713

Phase 2.2 Pre Route Cleanup
Phase 2.2 Pre Route Cleanup | Checksum: 6e1d8151

Time (s): cpu = 00:00:25 ; elapsed = 00:00:20 . Memory (MB): peak = 1798.102 ; gain = 73.664 ; free physical = 55 ; free virtual = 5714
 Number of Nodes with overlaps = 0
Phase 2 Router Initialization | Checksum: 78d14328

Time (s): cpu = 00:00:25 ; elapsed = 00:00:20 . Memory (MB): peak = 1811.156 ; gain = 86.719 ; free physical = 50 ; free virtual = 5699

Phase 3 Initial Routing
Phase 3 Initial Routing | Checksum: 24bba527

Time (s): cpu = 00:00:25 ; elapsed = 00:00:20 . Memory (MB): peak = 1811.156 ; gain = 86.719 ; free physical = 53 ; free virtual = 5699

Phase 4 Rip-up And Reroute

Phase 4.1 Global Iteration 0
 Number of Nodes with overlaps = 6
 Number of Nodes with overlaps = 0
Phase 4.1 Global Iteration 0 | Checksum: cd89ae21

Time (s): cpu = 00:00:25 ; elapsed = 00:00:20 . Memory (MB): peak = 1811.156 ; gain = 86.719 ; free physical = 53 ; free virtual = 5699
Phase 4 Rip-up And Reroute | Checksum: cd89ae21

Time (s): cpu = 00:00:25 ; elapsed = 00:00:20 . Memory (MB): peak = 1811.156 ; gain = 86.719 ; free physical = 53 ; free virtual = 5699

Phase 5 Delay and Skew Optimization
Phase 5 Delay and Skew Optimization | Checksum: cd89ae21

Time (s): cpu = 00:00:25 ; elapsed = 00:00:20 . Memory (MB): peak = 1811.156 ; gain = 86.719 ; free physical = 53 ; free virtual = 5699

Phase 6 Post Hold Fix

Phase 6.1 Hold Fix Iter
Phase 6.1 Hold Fix Iter | Checksum: cd89ae21

Time (s): cpu = 00:00:25 ; elapsed = 00:00:20 . Memory (MB): peak = 1811.156 ; gain = 86.719 ; free physical = 53 ; free virtual = 5699
Phase 6 Post Hold Fix | Checksum: cd89ae21

Time (s): cpu = 00:00:25 ; elapsed = 00:00:20 . Memory (MB): peak = 1811.156 ; gain = 86.719 ; free physical = 53 ; free virtual = 5699

Phase 7 Route finalize

Router Utilization Summary
  Global Vertical Routing Utilization    = 0.155846 %
  Global Horizontal Routing Utilization  = 0.265128 %
  Routable Net Status*
  *Does not include unroutable nets such as driverless and loadless.
  Run report_route_status for detailed report.
  Number of Failed Nets               = 0
  Number of Unrouted Nets             = 0
  Number of Partially Routed Nets     = 0
  Number of Node Overlaps             = 0

Congestion Report
North Dir 1x1 Area, Max Cong = 39.6396%, No Congested Regions.
South Dir 1x1 Area, Max Cong = 18.9189%, No Congested Regions.
East Dir 1x1 Area, Max Cong = 17.6471%, No Congested Regions.
West Dir 1x1 Area, Max Cong = 32.3529%, No Congested Regions.
Phase 7 Route finalize | Checksum: cd89ae21

Time (s): cpu = 00:00:26 ; elapsed = 00:00:20 . Memory (MB): peak = 1811.156 ; gain = 86.719 ; free physical = 53 ; free virtual = 5699

Phase 8 Verifying routed nets

 Verification completed successfully
Phase 8 Verifying routed nets | Checksum: cd89ae21

Time (s): cpu = 00:00:26 ; elapsed = 00:00:20 . Memory (MB): peak = 1811.156 ; gain = 86.719 ; free physical = 53 ; free virtual = 5699

Phase 9 Depositing Routes
Phase 9 Depositing Routes | Checksum: 3b9ae23d

Time (s): cpu = 00:00:26 ; elapsed = 00:00:20 . Memory (MB): peak = 1811.156 ; gain = 86.719 ; free physical = 53 ; free virtual = 5699
INFO: [Route 35-16] Router Completed Successfully

Time (s): cpu = 00:00:26 ; elapsed = 00:00:20 . Memory (MB): peak = 1811.156 ; gain = 86.719 ; free physical = 53 ; free virtual = 5699

Routing Is Done.
INFO: [Common 17-83] Releasing license: Implementation
42 Infos, 0 Warnings, 0 Critical Warnings and 0 Errors encountered.
route_design completed successfully
route_design: Time (s): cpu = 00:00:26 ; elapsed = 00:00:21 . Memory (MB): peak = 1847.129 ; gain = 122.691 ; free physical = 53 ; free virtual = 5699
Writing placer database...
Writing XDEF routing.
Writing XDEF routing logical nets.
Writing XDEF routing special nets.
Write XDEF Complete: Time (s): cpu = 00:00:00.12 ; elapsed = 00:00:00.06 . Memory (MB): peak = 1847.129 ; gain = 0.000 ; free physical = 52 ; free virtual = 5699
INFO: [DRC 23-27] Running DRC with 4 threads
INFO: [Coretcl 2-168] The results of DRC are in file /home/roozbeh/vivado/ip_repo/edit_myip2_v1_0.runs/impl_1/myip2_v1_0_drc_routed.rpt.
INFO: [Timing 38-91] UpdateTimingParams: Speed grade: -1, Delay Type: min_max.
INFO: [Timing 38-191] Multithreading enabled for timing update using a maximum of 4 CPUs
WARNING: [Timing 38-313] There are no user specified timing constraints. Timing constraints are needed for proper timing analysis.
WARNING: [Power 33-232] No user defined clocks were found in the design!
Resolution: Please specify clocks using create_clock/create_generated_clock for sequential elements. For pure combinatorial circuits, please specify a virtual clock, otherwise the vectorless estimation might be inaccurate
Running Vector-less Activity Propagation...

Finished Running Vector-less Activity Propagation
INFO: [Common 17-206] Exiting Vivado at Mon Aug 22 14:21:06 2016...
