Copyright 1986-2016 Xilinx, Inc. All Rights Reserved.
---------------------------------------------------------------------------------------------
| Tool Version : Vivado v.2016.3 (lin64) Build 1682563 Mon Oct 10 19:07:26 MDT 2016
| Date         : Tue Jan  3 13:13:39 2017
| Host         : roozbeh-ThinkPad-T520 running 64-bit Ubuntu 14.04.5 LTS
| Command      : report_control_sets -verbose -file design_1_wrapper_control_sets_placed.rpt
| Design       : design_1_wrapper
| Device       : xc7z010
---------------------------------------------------------------------------------------------

Control Set Information

Table of Contents
-----------------
1. Summary
2. Flip-Flop Distribution
3. Detailed Control Set Information

1. Summary
----------

+----------------------------------------------------------+-------+
|                          Status                          | Count |
+----------------------------------------------------------+-------+
| Number of unique control sets                            |    67 |
| Unused register locations in slices containing registers |   132 |
+----------------------------------------------------------+-------+


2. Flip-Flop Distribution
-------------------------

+--------------+-----------------------+------------------------+-----------------+--------------+
| Clock Enable | Synchronous Set/Reset | Asynchronous Set/Reset | Total Registers | Total Slices |
+--------------+-----------------------+------------------------+-----------------+--------------+
| No           | No                    | No                     |             124 |           39 |
| No           | No                    | Yes                    |               0 |            0 |
| No           | Yes                   | No                     |             148 |           46 |
| Yes          | No                    | No                     |             401 |          103 |
| Yes          | No                    | Yes                    |               0 |            0 |
| Yes          | Yes                   | No                     |             363 |           83 |
+--------------+-----------------------+------------------------+-----------------+--------------+


3. Detailed Control Set Information
-----------------------------------

+-------------------------------------------------+------------------------------------------------------------------------------------------------------------------------------------------------------------------------------+---------------------------------------------------------------------------------------------------------------------------------------------------------+------------------+----------------+
|                   Clock Signal                  |                                                                                 Enable Signal                                                                                |                                                                     Set/Reset Signal                                                                    | Slice Load Count | Bel Load Count |
+-------------------------------------------------+------------------------------------------------------------------------------------------------------------------------------------------------------------------------------+---------------------------------------------------------------------------------------------------------------------------------------------------------+------------------+----------------+
|  design_1_i/processing_system7_0/inst/FCLK_CLK0 |                                                                                                                                                                              | design_1_i/pwm_0/U0/pwm_v2_0_S00_AXI_inst/pwm_i_1_n_0                                                                                                   |                1 |              1 |
|  design_1_i/processing_system7_0/inst/FCLK_CLK0 | design_1_i/processing_system7_0_axi_periph/s00_couplers/auto_pc/inst/gen_axilite.gen_b2s_conv.axilite_b2s/WR.b_channel_0/bid_fifo_0/bresp_push                               |                                                                                                                                                         |                1 |              2 |
|  design_1_i/processing_system7_0/inst/FCLK_CLK0 | design_1_i/processing_system7_0_axi_periph/s00_couplers/auto_pc/inst/gen_axilite.gen_b2s_conv.axilite_b2s/WR.aw_channel_0/aw_cmd_fsm_0/axaddr_wrap_reg[0]                    | design_1_i/processing_system7_0_axi_periph/s00_couplers/auto_pc/inst/gen_axilite.gen_b2s_conv.axilite_b2s/WR.aw_channel_0/aw_cmd_fsm_0/axlen_cnt_reg[7] |                2 |              4 |
|  design_1_i/processing_system7_0/inst/FCLK_CLK0 | design_1_i/processing_system7_0_axi_periph/s00_couplers/auto_pc/inst/gen_axilite.gen_b2s_conv.axilite_b2s/WR.aw_channel_0/aw_cmd_fsm_0/wrap_boundary_axaddr_r_reg[11][0]     |                                                                                                                                                         |                3 |              4 |
|  design_1_i/processing_system7_0/inst/FCLK_CLK0 |                                                                                                                                                                              | design_1_i/processing_system7_0_axi_periph/s00_couplers/auto_pc/inst/gen_axilite.gen_b2s_conv.axilite_b2s/SI_REG/ar_pipe/m_valid_i_reg_0                |                3 |              4 |
|  design_1_i/processing_system7_0/inst/FCLK_CLK0 |                                                                                                                                                                              | design_1_i/processing_system7_0_axi_periph/s00_couplers/auto_pc/inst/gen_axilite.gen_b2s_conv.axilite_b2s/SI_REG/aw_pipe/s_ready_i_reg_0                |                3 |              4 |
|  design_1_i/processing_system7_0/inst/FCLK_CLK0 | design_1_i/processing_system7_0_axi_periph/s00_couplers/auto_pc/inst/gen_axilite.gen_b2s_conv.axilite_b2s/WR.aw_channel_0/cmd_translator_0/incr_cmd_0/axaddr_incr[0]_i_1_n_0 |                                                                                                                                                         |                1 |              4 |
|  design_1_i/processing_system7_0/inst/FCLK_CLK0 | design_1_i/processing_system7_0_axi_periph/s00_couplers/auto_pc/inst/gen_axilite.gen_b2s_conv.axilite_b2s/RD.ar_channel_0/ar_cmd_fsm_0/axaddr_incr_reg[11]                   |                                                                                                                                                         |                1 |              4 |
|  design_1_i/processing_system7_0/inst/FCLK_CLK0 | design_1_i/processing_system7_0_axi_periph/s00_couplers/auto_pc/inst/gen_axilite.gen_b2s_conv.axilite_b2s/RD.ar_channel_0/ar_cmd_fsm_0/E[0]                                  |                                                                                                                                                         |                2 |              4 |
|  design_1_i/processing_system7_0/inst/FCLK_CLK0 | design_1_i/processing_system7_0_axi_periph/s00_couplers/auto_pc/inst/gen_axilite.gen_b2s_conv.axilite_b2s/RD.ar_channel_0/ar_cmd_fsm_0/axlen_cnt_reg[3][0]                   | design_1_i/processing_system7_0_axi_periph/s00_couplers/auto_pc/inst/gen_axilite.gen_b2s_conv.axilite_b2s/RD.ar_channel_0/ar_cmd_fsm_0/axlen_cnt_reg[7] |                2 |              4 |
|  design_1_i/processing_system7_0/inst/FCLK_CLK0 |                                                                                                                                                                              | design_1_i/rst_processing_system7_0_100M/U0/EXT_LPF/lpf_int                                                                                             |                2 |              5 |
|  design_1_i/processing_system7_0/inst/FCLK_CLK0 | design_1_i/rst_processing_system7_0_100M/U0/SEQ/seq_cnt_en                                                                                                                   | design_1_i/rst_processing_system7_0_100M/U0/SEQ/SEQ_COUNTER/clear                                                                                       |                1 |              6 |
|  design_1_i/processing_system7_0/inst/FCLK_CLK0 | design_1_i/pwm_0/U0/pwm_v2_0_S00_AXI_inst/slv_reg3[31]_i_1_n_0                                                                                                               | design_1_i/pwm_0/U0/pwm_v2_0_S00_AXI_inst/slv_reg2[1]_i_1_n_0                                                                                           |                1 |              8 |
|  design_1_i/processing_system7_0/inst/FCLK_CLK0 | design_1_i/pwm_0/U0/pwm_v2_0_S00_AXI_inst/slv_reg1[23]_i_1_n_0                                                                                                               | design_1_i/pwm_0/U0/pwm_v2_0_S00_AXI_inst/slv_reg2[1]_i_1_n_0                                                                                           |                2 |              8 |
|  design_1_i/processing_system7_0/inst/FCLK_CLK0 | design_1_i/processing_system7_0_axi_periph/s00_couplers/auto_pc/inst/gen_axilite.gen_b2s_conv.axilite_b2s/WR.b_channel_0/mhandshake_r                                        | design_1_i/processing_system7_0_axi_periph/s00_couplers/auto_pc/inst/gen_axilite.gen_b2s_conv.axilite_b2s/WR.b_channel_0/bid_fifo_0/SR[0]               |                2 |              8 |
|  design_1_i/processing_system7_0/inst/FCLK_CLK0 | design_1_i/pwm_0/U0/pwm_v2_0_S00_AXI_inst/slv_reg1[31]_i_1_n_0                                                                                                               | design_1_i/pwm_0/U0/pwm_v2_0_S00_AXI_inst/slv_reg2[1]_i_1_n_0                                                                                           |                1 |              8 |
|  design_1_i/processing_system7_0/inst/FCLK_CLK0 | design_1_i/pwm_0/U0/pwm_v2_0_S00_AXI_inst/slv_reg1[7]_i_1_n_0                                                                                                                | design_1_i/pwm_0/U0/pwm_v2_0_S00_AXI_inst/slv_reg2[1]_i_1_n_0                                                                                           |                1 |              8 |
|  design_1_i/processing_system7_0/inst/FCLK_CLK0 | design_1_i/pwm_0/U0/pwm_v2_0_S00_AXI_inst/slv_reg3[15]_i_1_n_0                                                                                                               | design_1_i/pwm_0/U0/pwm_v2_0_S00_AXI_inst/slv_reg2[1]_i_1_n_0                                                                                           |                1 |              8 |
|  design_1_i/processing_system7_0/inst/FCLK_CLK0 | design_1_i/pwm_0/U0/pwm_v2_0_S00_AXI_inst/p_1_in[31]                                                                                                                         | design_1_i/pwm_0/U0/pwm_v2_0_S00_AXI_inst/slv_reg2[1]_i_1_n_0                                                                                           |                1 |              8 |
|  design_1_i/processing_system7_0/inst/FCLK_CLK0 | design_1_i/pwm_0/U0/pwm_v2_0_S00_AXI_inst/slv_reg1[15]_i_1_n_0                                                                                                               | design_1_i/pwm_0/U0/pwm_v2_0_S00_AXI_inst/slv_reg2[1]_i_1_n_0                                                                                           |                1 |              8 |
|  design_1_i/processing_system7_0/inst/FCLK_CLK0 | design_1_i/pwm_0/U0/pwm_v2_0_S00_AXI_inst/p_1_in[23]                                                                                                                         | design_1_i/pwm_0/U0/pwm_v2_0_S00_AXI_inst/slv_reg2[1]_i_1_n_0                                                                                           |                1 |              8 |
|  design_1_i/processing_system7_0/inst/FCLK_CLK0 | design_1_i/pwm_0/U0/pwm_v2_0_S00_AXI_inst/slv_reg0[7]_i_1_n_0                                                                                                                | design_1_i/pwm_0/U0/pwm_v2_0_S00_AXI_inst/slv_reg2[1]_i_1_n_0                                                                                           |                2 |              8 |
|  design_1_i/processing_system7_0/inst/FCLK_CLK0 | design_1_i/pwm_0/U0/pwm_v2_0_S00_AXI_inst/p_1_in[15]                                                                                                                         | design_1_i/pwm_0/U0/pwm_v2_0_S00_AXI_inst/slv_reg2[1]_i_1_n_0                                                                                           |                1 |              8 |
|  design_1_i/processing_system7_0/inst/FCLK_CLK0 | design_1_i/pwm_0/U0/pwm_v2_0_S00_AXI_inst/slv_reg0[31]_i_1_n_0                                                                                                               | design_1_i/pwm_0/U0/pwm_v2_0_S00_AXI_inst/slv_reg2[1]_i_1_n_0                                                                                           |                3 |              8 |
|  design_1_i/processing_system7_0/inst/FCLK_CLK0 | design_1_i/pwm_0/U0/pwm_v2_0_S00_AXI_inst/slv_reg0[23]_i_1_n_0                                                                                                               | design_1_i/pwm_0/U0/pwm_v2_0_S00_AXI_inst/slv_reg2[1]_i_1_n_0                                                                                           |                2 |              8 |
|  design_1_i/processing_system7_0/inst/FCLK_CLK0 | design_1_i/pwm_0/U0/pwm_v2_0_S00_AXI_inst/slv_reg3[7]_i_1_n_0                                                                                                                | design_1_i/pwm_0/U0/pwm_v2_0_S00_AXI_inst/slv_reg2[1]_i_1_n_0                                                                                           |                1 |              8 |
|  design_1_i/processing_system7_0/inst/FCLK_CLK0 | design_1_i/pwm_0/U0/pwm_v2_0_S00_AXI_inst/slv_reg0[15]_i_1_n_0                                                                                                               | design_1_i/pwm_0/U0/pwm_v2_0_S00_AXI_inst/slv_reg2[1]_i_1_n_0                                                                                           |                1 |              8 |
|  design_1_i/processing_system7_0/inst/FCLK_CLK0 | design_1_i/encoder_0/U0/encoder_v2_0_S00_AXI_inst/p_1_in[31]                                                                                                                 | design_1_i/encoder_0/U0/encoder_v2_0_S00_AXI_inst/dut/SR[0]                                                                                             |                1 |              8 |
|  design_1_i/processing_system7_0/inst/FCLK_CLK0 | design_1_i/encoder_0/U0/encoder_v2_0_S00_AXI_inst/p_1_in[23]                                                                                                                 | design_1_i/encoder_0/U0/encoder_v2_0_S00_AXI_inst/dut/SR[0]                                                                                             |                1 |              8 |
|  design_1_i/processing_system7_0/inst/FCLK_CLK0 | design_1_i/encoder_0/U0/encoder_v2_0_S00_AXI_inst/p_1_in[15]                                                                                                                 | design_1_i/encoder_0/U0/encoder_v2_0_S00_AXI_inst/dut/SR[0]                                                                                             |                1 |              8 |
|  design_1_i/processing_system7_0/inst/FCLK_CLK0 | design_1_i/encoder_0/U0/encoder_v2_0_S00_AXI_inst/p_1_in[7]                                                                                                                  | design_1_i/encoder_0/U0/encoder_v2_0_S00_AXI_inst/dut/SR[0]                                                                                             |                1 |              8 |
|  design_1_i/processing_system7_0/inst/FCLK_CLK0 | design_1_i/encoder_0/U0/encoder_v2_0_S00_AXI_inst/slv_reg2[7]_i_1_n_0                                                                                                        | design_1_i/encoder_0/U0/encoder_v2_0_S00_AXI_inst/dut/SR[0]                                                                                             |                2 |              8 |
|  design_1_i/processing_system7_0/inst/FCLK_CLK0 | design_1_i/encoder_0/U0/encoder_v2_0_S00_AXI_inst/slv_reg2[31]_i_1_n_0                                                                                                       | design_1_i/encoder_0/U0/encoder_v2_0_S00_AXI_inst/dut/SR[0]                                                                                             |                1 |              8 |
|  design_1_i/processing_system7_0/inst/FCLK_CLK0 | design_1_i/encoder_0/U0/encoder_v2_0_S00_AXI_inst/slv_reg2[23]_i_1_n_0                                                                                                       | design_1_i/encoder_0/U0/encoder_v2_0_S00_AXI_inst/dut/SR[0]                                                                                             |                1 |              8 |
|  design_1_i/processing_system7_0/inst/FCLK_CLK0 | design_1_i/encoder_0/U0/encoder_v2_0_S00_AXI_inst/slv_reg2[15]_i_1_n_0                                                                                                       | design_1_i/encoder_0/U0/encoder_v2_0_S00_AXI_inst/dut/SR[0]                                                                                             |                2 |              8 |
|  design_1_i/processing_system7_0/inst/FCLK_CLK0 | design_1_i/encoder_0/U0/encoder_v2_0_S00_AXI_inst/slv_reg1[7]_i_1_n_0                                                                                                        | design_1_i/encoder_0/U0/encoder_v2_0_S00_AXI_inst/dut/SR[0]                                                                                             |                2 |              8 |
|  design_1_i/processing_system7_0/inst/FCLK_CLK0 | design_1_i/encoder_0/U0/encoder_v2_0_S00_AXI_inst/slv_reg1[31]_i_1_n_0                                                                                                       | design_1_i/encoder_0/U0/encoder_v2_0_S00_AXI_inst/dut/SR[0]                                                                                             |                1 |              8 |
|  design_1_i/processing_system7_0/inst/FCLK_CLK0 | design_1_i/encoder_0/U0/encoder_v2_0_S00_AXI_inst/slv_reg1[23]_i_1_n_0                                                                                                       | design_1_i/encoder_0/U0/encoder_v2_0_S00_AXI_inst/dut/SR[0]                                                                                             |                2 |              8 |
|  design_1_i/processing_system7_0/inst/FCLK_CLK0 | design_1_i/encoder_0/U0/encoder_v2_0_S00_AXI_inst/slv_reg1[15]_i_1_n_0                                                                                                       | design_1_i/encoder_0/U0/encoder_v2_0_S00_AXI_inst/dut/SR[0]                                                                                             |                3 |              8 |
|  design_1_i/processing_system7_0/inst/FCLK_CLK0 | design_1_i/pwm_0/U0/pwm_v2_0_S00_AXI_inst/slv_reg3[23]_i_1_n_0                                                                                                               | design_1_i/pwm_0/U0/pwm_v2_0_S00_AXI_inst/slv_reg2[1]_i_1_n_0                                                                                           |                1 |              8 |
|  design_1_i/processing_system7_0/inst/FCLK_CLK0 |                                                                                                                                                                              | design_1_i/encoder_0/U0/encoder_v2_0_S00_AXI_inst/dut/debounce_count_r[8]_i_1_n_0                                                                       |                3 |              9 |
|  design_1_i/processing_system7_0/inst/FCLK_CLK0 | design_1_i/pwm_0/U0/pwm_v2_0_S00_AXI_inst/p_1_in[1]                                                                                                                          | design_1_i/pwm_0/U0/pwm_v2_0_S00_AXI_inst/slv_reg2[1]_i_1_n_0                                                                                           |                3 |              9 |
|  design_1_i/processing_system7_0/inst/FCLK_CLK0 |                                                                                                                                                                              | design_1_i/pwm_0/U0/pwm_v2_0_S00_AXI_inst/slv_reg2[1]_i_1_n_0                                                                                           |                3 |              9 |
|  design_1_i/processing_system7_0/inst/FCLK_CLK0 |                                                                                                                                                                              | design_1_i/processing_system7_0_axi_periph/xbar/inst/gen_sasd.crossbar_sasd_0/addr_arbiter_inst/SR[0]                                                   |                5 |             11 |
|  design_1_i/processing_system7_0/inst/FCLK_CLK0 | design_1_i/processing_system7_0_axi_periph/s00_couplers/auto_pc/inst/gen_axilite.gen_b2s_conv.axilite_b2s/WR.aw_channel_0/aw_cmd_fsm_0/axaddr_wrap_reg[0]                    |                                                                                                                                                         |                4 |             12 |
|  design_1_i/processing_system7_0/inst/FCLK_CLK0 | design_1_i/processing_system7_0_axi_periph/s00_couplers/auto_pc/inst/gen_axilite.gen_b2s_conv.axilite_b2s/RD.ar_channel_0/ar_cmd_fsm_0/axlen_cnt_reg[3][0]                   |                                                                                                                                                         |                4 |             12 |
|  design_1_i/processing_system7_0/inst/FCLK_CLK0 | design_1_i/processing_system7_0_axi_periph/s00_couplers/auto_pc/inst/gen_axilite.gen_b2s_conv.axilite_b2s/RD.r_channel_0/r_push_r                                            |                                                                                                                                                         |                4 |             13 |
|  design_1_i/processing_system7_0/inst/FCLK_CLK0 | design_1_i/processing_system7_0_axi_periph/s00_couplers/auto_pc/inst/gen_axilite.gen_b2s_conv.axilite_b2s/SI_REG/b_pipe/skid_buffer_reg[0]_0                                 |                                                                                                                                                         |                2 |             14 |
|  design_1_i/processing_system7_0/inst/FCLK_CLK0 | design_1_i/processing_system7_0_axi_periph/s00_couplers/auto_pc/inst/gen_axilite.gen_b2s_conv.axilite_b2s/SI_REG/b_pipe/p_1_in                                               |                                                                                                                                                         |                2 |             14 |
|  design_1_i/processing_system7_0/inst/FCLK_CLK0 |                                                                                                                                                                              | design_1_i/encoder_0/U0/encoder_v2_0_S00_AXI_inst/dut/SR[0]                                                                                             |                6 |             15 |
|  design_1_i/processing_system7_0/inst/FCLK_CLK0 | design_1_i/processing_system7_0_axi_periph/xbar/inst/gen_sasd.crossbar_sasd_0/addr_arbiter_inst/p_0_in1_in                                                                   | design_1_i/processing_system7_0_axi_periph/xbar/inst/gen_sasd.crossbar_sasd_0/addr_arbiter_inst/SR[0]                                                   |                8 |             18 |
|  design_1_i/processing_system7_0/inst/FCLK_CLK0 | design_1_i/processing_system7_0_axi_periph/s00_couplers/auto_pc/inst/gen_axilite.gen_b2s_conv.axilite_b2s/WR.aw_channel_0/aw_cmd_fsm_0/b_push                                |                                                                                                                                                         |                5 |             20 |
|  design_1_i/processing_system7_0/inst/FCLK_CLK0 | design_1_i/pwm_0/U0/pwm_v2_0_S00_AXI_inst/axi_rdata[31]_i_1_n_0                                                                                                              | design_1_i/pwm_0/U0/pwm_v2_0_S00_AXI_inst/slv_reg2[1]_i_1_n_0                                                                                           |                9 |             32 |
|  design_1_i/processing_system7_0/inst/FCLK_CLK0 |                                                                                                                                                                              | design_1_i/pwm_0/U0/pwm_v2_0_S00_AXI_inst/counter[0]_i_1_n_0                                                                                            |                8 |             32 |
|  design_1_i/processing_system7_0/inst/FCLK_CLK0 | design_1_i/processing_system7_0_axi_periph/xbar/inst/gen_sasd.crossbar_sasd_0/reg_slice_r/aa_rready                                                                          |                                                                                                                                                         |               11 |             32 |
|  design_1_i/processing_system7_0/inst/FCLK_CLK0 | design_1_i/encoder_0/U0/encoder_v2_0_S00_AXI_inst/axi_rdata[31]_i_1_n_0                                                                                                      | design_1_i/encoder_0/U0/encoder_v2_0_S00_AXI_inst/dut/SR[0]                                                                                             |                9 |             32 |
|  design_1_i/processing_system7_0/inst/FCLK_CLK0 | design_1_i/processing_system7_0_axi_periph/s00_couplers/auto_pc/inst/gen_axilite.gen_b2s_conv.axilite_b2s/RD.r_channel_0/rd_data_fifo_0/wr_en0                               |                                                                                                                                                         |                9 |             34 |
|  design_1_i/processing_system7_0/inst/FCLK_CLK0 | design_1_i/encoder_0/U0/encoder_v2_0_S00_AXI_inst/dut/state_r[2]_i_1_n_0                                                                                                     | design_1_i/encoder_0/U0/encoder_v2_0_S00_AXI_inst/dut/SR[0]                                                                                             |                9 |             34 |
|  design_1_i/processing_system7_0/inst/FCLK_CLK0 | design_1_i/processing_system7_0_axi_periph/xbar/inst/gen_sasd.crossbar_sasd_0/addr_arbiter_inst/E[0]                                                                         |                                                                                                                                                         |               10 |             35 |
|  design_1_i/processing_system7_0/inst/FCLK_CLK0 | design_1_i/processing_system7_0_axi_periph/s00_couplers/auto_pc/inst/gen_axilite.gen_b2s_conv.axilite_b2s/SI_REG/aw_pipe/skid_buffer_reg[0]_0                                |                                                                                                                                                         |               12 |             43 |
|  design_1_i/processing_system7_0/inst/FCLK_CLK0 | design_1_i/processing_system7_0_axi_periph/s00_couplers/auto_pc/inst/gen_axilite.gen_b2s_conv.axilite_b2s/SI_REG/ar_pipe/skid_buffer_reg[0]_0                                |                                                                                                                                                         |               12 |             43 |
|  design_1_i/processing_system7_0/inst/FCLK_CLK0 | design_1_i/processing_system7_0_axi_periph/s00_couplers/auto_pc/inst/gen_axilite.gen_b2s_conv.axilite_b2s/WR.aw_channel_0/aw_cmd_fsm_0/E[0]                                  |                                                                                                                                                         |                9 |             43 |
|  design_1_i/processing_system7_0/inst/FCLK_CLK0 | design_1_i/processing_system7_0_axi_periph/s00_couplers/auto_pc/inst/gen_axilite.gen_b2s_conv.axilite_b2s/RD.ar_channel_0/ar_cmd_fsm_0/m_payload_i_reg[0]_1[0]               |                                                                                                                                                         |               11 |             43 |
|  design_1_i/processing_system7_0/inst/FCLK_CLK0 | design_1_i/processing_system7_0_axi_periph/s00_couplers/auto_pc/inst/gen_axilite.gen_b2s_conv.axilite_b2s/SI_REG/r_pipe/p_1_in                                               |                                                                                                                                                         |               10 |             47 |
|  design_1_i/processing_system7_0/inst/FCLK_CLK0 | design_1_i/processing_system7_0_axi_periph/s00_couplers/auto_pc/inst/gen_axilite.gen_b2s_conv.axilite_b2s/SI_REG/r_pipe/skid_buffer_reg[0]_0                                 |                                                                                                                                                         |                9 |             47 |
|  design_1_i/processing_system7_0/inst/FCLK_CLK0 |                                                                                                                                                                              | design_1_i/processing_system7_0_axi_periph/s00_couplers/auto_pc/inst/gen_axilite.gen_b2s_conv.axilite_b2s/areset_d1                                     |               12 |             58 |
|  design_1_i/processing_system7_0/inst/FCLK_CLK0 |                                                                                                                                                                              |                                                                                                                                                         |               40 |            125 |
+-------------------------------------------------+------------------------------------------------------------------------------------------------------------------------------------------------------------------------------+---------------------------------------------------------------------------------------------------------------------------------------------------------+------------------+----------------+


+--------+-----------------------+
| Fanout | Number of ControlSets |
+--------+-----------------------+
| 1      |                     1 |
| 2      |                     1 |
| 4      |                     8 |
| 5      |                     1 |
| 6      |                     1 |
| 8      |                    28 |
| 9      |                     3 |
| 11     |                     1 |
| 12     |                     2 |
| 13     |                     1 |
| 14     |                     2 |
| 15     |                     1 |
| 16+    |                    17 |
+--------+-----------------------+


